<?xml version="1.0" encoding="UTF-8"?>
<robot generator="Robot 4.0.1 (Python 3.9.4 on win32)" generated="20210510 12:06:33.727" rpa="false" schemaversion="2">
<suite id="s1" name="petclinic editAndRemovePetType" source="C:\Users\stefa\PycharmProjects\robot\Tests\petclinic_editAndRemovePetType.robot">
<test id="s1-t1" name="Användaren kan påbörja ändringsprocessen genom &quot;Edit&quot;-knappen i Pet Types-sidan">
<kw name="Begin Web Test" library="keywords_general" type="SETUP">
<kw name="Open Browser" library="SeleniumLibrary">
<arg>about:blank</arg>
<arg>${BROWSER}</arg>
<doc>Opens a new browser instance to the optional ``url``.</doc>
<msg timestamp="20210510 12:06:33.879" level="INFO">Opening browser 'chrome' to base url 'about:blank'.</msg>
<status status="PASS" starttime="20210510 12:06:33.879" endtime="20210510 12:06:34.905"/>
</kw>
<kw name="Set Selenium Timeout" library="SeleniumLibrary">
<arg>10</arg>
<doc>Sets the timeout that is used by various keywords.</doc>
<status status="PASS" starttime="20210510 12:06:34.905" endtime="20210510 12:06:34.906"/>
</kw>
<status status="PASS" starttime="20210510 12:06:33.878" endtime="20210510 12:06:34.906"/>
</kw>
<kw name="Go to PetClinic &amp;&amp; Click Menu &amp;&amp; Verify Page" library="keywords_petType">
<kw name="Go to Web Page" library="keywords_general">
<kw name="Load Page" library="keywords_general">
<kw name="Go To" library="SeleniumLibrary">
<arg>${URL}</arg>
<doc>Navigates the current browser window to the provided ``url``.</doc>
<msg timestamp="20210510 12:06:34.907" level="INFO">Opening url 'http://localhost:4200/'</msg>
<status status="PASS" starttime="20210510 12:06:34.907" endtime="20210510 12:06:35.050"/>
</kw>
<status status="PASS" starttime="20210510 12:06:34.906" endtime="20210510 12:06:35.051"/>
</kw>
<kw name="Verify Page Loaded" library="keywords_general">
<kw name="Get Title" library="SeleniumLibrary">
<var>${LINK_TEXT}</var>
<doc>Returns the title of the current page.</doc>
<msg timestamp="20210510 12:06:35.055" level="INFO">${LINK_TEXT} = SpringPetclinicAngular</msg>
<status status="PASS" starttime="20210510 12:06:35.051" endtime="20210510 12:06:35.055"/>
</kw>
<kw name="Should Be Equal" library="BuiltIn">
<arg>${LINK_TEXT}</arg>
<arg>SpringPetclinicAngular</arg>
<doc>Fails if the given objects are unequal.</doc>
<status status="PASS" starttime="20210510 12:06:35.055" endtime="20210510 12:06:35.055"/>
</kw>
<kw name="Page Should Contain" library="SeleniumLibrary">
<arg>Welcome to Petclinic</arg>
<doc>Verifies that current page contains ``text``.</doc>
<msg timestamp="20210510 12:06:35.064" level="INFO">Current page contains text 'Welcome to Petclinic'.</msg>
<status status="PASS" starttime="20210510 12:06:35.055" endtime="20210510 12:06:35.064"/>
</kw>
<status status="PASS" starttime="20210510 12:06:35.051" endtime="20210510 12:06:35.064"/>
</kw>
<status status="PASS" starttime="20210510 12:06:34.906" endtime="20210510 12:06:35.064"/>
</kw>
<kw name="Click Menu_petType" library="keywords_petType">
<kw name="Click Element" library="SeleniumLibrary">
<arg>xpath://html/body/app-root/div[1]/nav/div/ul/li[4]/a/span[2]</arg>
<doc>Click the element identified by ``locator``.</doc>
<msg timestamp="20210510 12:06:35.064" level="INFO">Clicking element 'xpath://html/body/app-root/div[1]/nav/div/ul/li[4]/a/span[2]'.</msg>
<status status="PASS" starttime="20210510 12:06:35.064" endtime="20210510 12:06:35.100"/>
</kw>
<status status="PASS" starttime="20210510 12:06:35.064" endtime="20210510 12:06:35.100"/>
</kw>
<kw name="Verify Page_petType Loaded" library="keywords_petType">
<kw name="Wait Until Page Contains Element" library="SeleniumLibrary">
<arg>xpath://html/body/app-root/app-pettype-list/div/div/h2</arg>
<doc>Waits until the element ``locator`` appears on the current page.</doc>
<status status="PASS" starttime="20210510 12:06:35.101" endtime="20210510 12:06:35.121"/>
</kw>
<kw name="Page Should Contain" library="SeleniumLibrary">
<arg>Pet Types</arg>
<doc>Verifies that current page contains ``text``.</doc>
<msg timestamp="20210510 12:06:35.129" level="INFO">Current page contains text 'Pet Types'.</msg>
<status status="PASS" starttime="20210510 12:06:35.121" endtime="20210510 12:06:35.129"/>
</kw>
<status status="PASS" starttime="20210510 12:06:35.100" endtime="20210510 12:06:35.129"/>
</kw>
<status status="PASS" starttime="20210510 12:06:34.906" endtime="20210510 12:06:35.129"/>
</kw>
<kw name="Click Button &amp;&amp; Verify Edit and Input Field Page Loaded" library="keywords_petType">
<kw name="Click Button_petType_edit_ID5" library="keywords_petType">
<kw name="Click Element" library="SeleniumLibrary">
<arg>xpath://html/body/app-root/app-pettype-list/div/div/table/tbody/tr[6]/td[2]/button[1]</arg>
<doc>Click the element identified by ``locator``.</doc>
<msg timestamp="20210510 12:06:35.130" level="INFO">Clicking element 'xpath://html/body/app-root/app-pettype-list/div/div/table/tbody/tr[6]/td[2]/button[1]'.</msg>
<status status="PASS" starttime="20210510 12:06:35.130" endtime="20210510 12:06:35.163"/>
</kw>
<status status="PASS" starttime="20210510 12:06:35.130" endtime="20210510 12:06:35.163"/>
</kw>
<kw name="Verify Page_petType_EditPetTypePage Loaded" library="keywords_petType">
<kw name="Wait Until Page Contains Element" library="SeleniumLibrary">
<arg>xpath://html/body/app-root/app-pettype-edit/div/div/h2</arg>
<doc>Waits until the element ``locator`` appears on the current page.</doc>
<status status="PASS" starttime="20210510 12:06:35.163" endtime="20210510 12:06:35.170"/>
</kw>
<kw name="Wait Until Page Contains Element" library="SeleniumLibrary">
<arg>xpath://html/body/app-root/app-pettype-edit/div/div/form/div[2]/div/div/input</arg>
<doc>Waits until the element ``locator`` appears on the current page.</doc>
<status status="PASS" starttime="20210510 12:06:35.170" endtime="20210510 12:06:35.177"/>
</kw>
<kw name="Page Should Contain" library="SeleniumLibrary">
<arg>Edit Pet Type</arg>
<doc>Verifies that current page contains ``text``.</doc>
<msg timestamp="20210510 12:06:35.187" level="INFO">Current page contains text 'Edit Pet Type'.</msg>
<status status="PASS" starttime="20210510 12:06:35.177" endtime="20210510 12:06:35.187"/>
</kw>
<status status="PASS" starttime="20210510 12:06:35.163" endtime="20210510 12:06:35.187"/>
</kw>
<status status="PASS" starttime="20210510 12:06:35.130" endtime="20210510 12:06:35.187"/>
</kw>
<kw name="End Web Test" library="keywords_general" type="TEARDOWN">
<kw name="Close Browser" library="SeleniumLibrary">
<doc>Closes the current browser.</doc>
<status status="PASS" starttime="20210510 12:06:35.188" endtime="20210510 12:06:37.275"/>
</kw>
<status status="PASS" starttime="20210510 12:06:35.188" endtime="20210510 12:06:37.275"/>
</kw>
<doc>Verifiera att användaren kan starta processen att ändra en befintlig husdjurtyp</doc>
<tag>TF_C_1</tag>
<status status="PASS" starttime="20210510 12:06:33.878" endtime="20210510 12:06:37.276"/>
</test>
<test id="s1-t2" name="Användaren kan mata in nya ändringen av husdjurtyp utan att lagra">
<kw name="Begin Web Test" library="keywords_general" type="SETUP">
<kw name="Open Browser" library="SeleniumLibrary">
<arg>about:blank</arg>
<arg>${BROWSER}</arg>
<doc>Opens a new browser instance to the optional ``url``.</doc>
<msg timestamp="20210510 12:06:37.277" level="INFO">Opening browser 'chrome' to base url 'about:blank'.</msg>
<status status="PASS" starttime="20210510 12:06:37.277" endtime="20210510 12:06:38.275"/>
</kw>
<kw name="Set Selenium Timeout" library="SeleniumLibrary">
<arg>10</arg>
<doc>Sets the timeout that is used by various keywords.</doc>
<status status="PASS" starttime="20210510 12:06:38.276" endtime="20210510 12:06:38.276"/>
</kw>
<status status="PASS" starttime="20210510 12:06:37.277" endtime="20210510 12:06:38.276"/>
</kw>
<kw name="Go to PetClinic &amp;&amp; Click Menu &amp;&amp; Verify Page" library="keywords_petType">
<kw name="Go to Web Page" library="keywords_general">
<kw name="Load Page" library="keywords_general">
<kw name="Go To" library="SeleniumLibrary">
<arg>${URL}</arg>
<doc>Navigates the current browser window to the provided ``url``.</doc>
<msg timestamp="20210510 12:06:38.277" level="INFO">Opening url 'http://localhost:4200/'</msg>
<status status="PASS" starttime="20210510 12:06:38.277" endtime="20210510 12:06:38.422"/>
</kw>
<status status="PASS" starttime="20210510 12:06:38.277" endtime="20210510 12:06:38.422"/>
</kw>
<kw name="Verify Page Loaded" library="keywords_general">
<kw name="Get Title" library="SeleniumLibrary">
<var>${LINK_TEXT}</var>
<doc>Returns the title of the current page.</doc>
<msg timestamp="20210510 12:06:38.425" level="INFO">${LINK_TEXT} = SpringPetclinicAngular</msg>
<status status="PASS" starttime="20210510 12:06:38.422" endtime="20210510 12:06:38.425"/>
</kw>
<kw name="Should Be Equal" library="BuiltIn">
<arg>${LINK_TEXT}</arg>
<arg>SpringPetclinicAngular</arg>
<doc>Fails if the given objects are unequal.</doc>
<status status="PASS" starttime="20210510 12:06:38.425" endtime="20210510 12:06:38.426"/>
</kw>
<kw name="Page Should Contain" library="SeleniumLibrary">
<arg>Welcome to Petclinic</arg>
<doc>Verifies that current page contains ``text``.</doc>
<msg timestamp="20210510 12:06:38.434" level="INFO">Current page contains text 'Welcome to Petclinic'.</msg>
<status status="PASS" starttime="20210510 12:06:38.426" endtime="20210510 12:06:38.434"/>
</kw>
<status status="PASS" starttime="20210510 12:06:38.422" endtime="20210510 12:06:38.434"/>
</kw>
<status status="PASS" starttime="20210510 12:06:38.277" endtime="20210510 12:06:38.434"/>
</kw>
<kw name="Click Menu_petType" library="keywords_petType">
<kw name="Click Element" library="SeleniumLibrary">
<arg>xpath://html/body/app-root/div[1]/nav/div/ul/li[4]/a/span[2]</arg>
<doc>Click the element identified by ``locator``.</doc>
<msg timestamp="20210510 12:06:38.435" level="INFO">Clicking element 'xpath://html/body/app-root/div[1]/nav/div/ul/li[4]/a/span[2]'.</msg>
<status status="PASS" starttime="20210510 12:06:38.435" endtime="20210510 12:06:38.478"/>
</kw>
<status status="PASS" starttime="20210510 12:06:38.434" endtime="20210510 12:06:38.478"/>
</kw>
<kw name="Verify Page_petType Loaded" library="keywords_petType">
<kw name="Wait Until Page Contains Element" library="SeleniumLibrary">
<arg>xpath://html/body/app-root/app-pettype-list/div/div/h2</arg>
<doc>Waits until the element ``locator`` appears on the current page.</doc>
<status status="PASS" starttime="20210510 12:06:38.479" endtime="20210510 12:06:38.491"/>
</kw>
<kw name="Page Should Contain" library="SeleniumLibrary">
<arg>Pet Types</arg>
<doc>Verifies that current page contains ``text``.</doc>
<msg timestamp="20210510 12:06:38.498" level="INFO">Current page contains text 'Pet Types'.</msg>
<status status="PASS" starttime="20210510 12:06:38.491" endtime="20210510 12:06:38.498"/>
</kw>
<status status="PASS" starttime="20210510 12:06:38.479" endtime="20210510 12:06:38.498"/>
</kw>
<status status="PASS" starttime="20210510 12:06:38.277" endtime="20210510 12:06:38.499"/>
</kw>
<kw name="Click Button &amp;&amp; Verify Edit and Input Field Page Loaded" library="keywords_petType">
<kw name="Click Button_petType_edit_ID5" library="keywords_petType">
<kw name="Click Element" library="SeleniumLibrary">
<arg>xpath://html/body/app-root/app-pettype-list/div/div/table/tbody/tr[6]/td[2]/button[1]</arg>
<doc>Click the element identified by ``locator``.</doc>
<msg timestamp="20210510 12:06:38.499" level="INFO">Clicking element 'xpath://html/body/app-root/app-pettype-list/div/div/table/tbody/tr[6]/td[2]/button[1]'.</msg>
<status status="PASS" starttime="20210510 12:06:38.499" endtime="20210510 12:06:38.531"/>
</kw>
<status status="PASS" starttime="20210510 12:06:38.499" endtime="20210510 12:06:38.531"/>
</kw>
<kw name="Verify Page_petType_EditPetTypePage Loaded" library="keywords_petType">
<kw name="Wait Until Page Contains Element" library="SeleniumLibrary">
<arg>xpath://html/body/app-root/app-pettype-edit/div/div/h2</arg>
<doc>Waits until the element ``locator`` appears on the current page.</doc>
<status status="PASS" starttime="20210510 12:06:38.532" endtime="20210510 12:06:38.539"/>
</kw>
<kw name="Wait Until Page Contains Element" library="SeleniumLibrary">
<arg>xpath://html/body/app-root/app-pettype-edit/div/div/form/div[2]/div/div/input</arg>
<doc>Waits until the element ``locator`` appears on the current page.</doc>
<status status="PASS" starttime="20210510 12:06:38.539" endtime="20210510 12:06:38.545"/>
</kw>
<kw name="Page Should Contain" library="SeleniumLibrary">
<arg>Edit Pet Type</arg>
<doc>Verifies that current page contains ``text``.</doc>
<msg timestamp="20210510 12:06:38.553" level="INFO">Current page contains text 'Edit Pet Type'.</msg>
<status status="PASS" starttime="20210510 12:06:38.546" endtime="20210510 12:06:38.553"/>
</kw>
<status status="PASS" starttime="20210510 12:06:38.531" endtime="20210510 12:06:38.554"/>
</kw>
<status status="PASS" starttime="20210510 12:06:38.499" endtime="20210510 12:06:38.554"/>
</kw>
<kw name="Input New Pet Type Text" library="keywords_petType">
<arg>HAMSTER</arg>
<kw name="Input Text" library="SeleniumLibrary">
<arg>id:name</arg>
<arg>${search_term}</arg>
<doc>Types the given ``text`` into the text field identified by ``locator``.</doc>
<msg timestamp="20210510 12:06:38.554" level="INFO">Typing text 'HAMSTER' into text field 'id:name'.</msg>
<status status="PASS" starttime="20210510 12:06:38.554" endtime="20210510 12:06:38.611"/>
</kw>
<status status="PASS" starttime="20210510 12:06:38.554" endtime="20210510 12:06:38.611"/>
</kw>
<kw name="End Web Test" library="keywords_general" type="TEARDOWN">
<kw name="Close Browser" library="SeleniumLibrary">
<doc>Closes the current browser.</doc>
<status status="PASS" starttime="20210510 12:06:38.611" endtime="20210510 12:06:40.722"/>
</kw>
<status status="PASS" starttime="20210510 12:06:38.611" endtime="20210510 12:06:40.722"/>
</kw>
<doc>Verifiera att användaren kan mata in egen input i inmatningsfälten utan att uppdatera</doc>
<tag>TF_C_2</tag>
<status status="PASS" starttime="20210510 12:06:37.277" endtime="20210510 12:06:40.723"/>
</test>
<test id="s1-t3" name="Användaren Lagra nya inmatningen av husdjur genom &quot;Update&quot;-knappen i Pet Types-sidan">
<kw name="Begin Web Test" library="keywords_general" type="SETUP">
<kw name="Open Browser" library="SeleniumLibrary">
<arg>about:blank</arg>
<arg>${BROWSER}</arg>
<doc>Opens a new browser instance to the optional ``url``.</doc>
<msg timestamp="20210510 12:06:40.724" level="INFO">Opening browser 'chrome' to base url 'about:blank'.</msg>
<status status="PASS" starttime="20210510 12:06:40.724" endtime="20210510 12:06:41.738"/>
</kw>
<kw name="Set Selenium Timeout" library="SeleniumLibrary">
<arg>10</arg>
<doc>Sets the timeout that is used by various keywords.</doc>
<status status="PASS" starttime="20210510 12:06:41.738" endtime="20210510 12:06:41.739"/>
</kw>
<status status="PASS" starttime="20210510 12:06:40.724" endtime="20210510 12:06:41.739"/>
</kw>
<kw name="Go to PetClinic &amp;&amp; Click Menu &amp;&amp; Verify Page" library="keywords_petType">
<kw name="Go to Web Page" library="keywords_general">
<kw name="Load Page" library="keywords_general">
<kw name="Go To" library="SeleniumLibrary">
<arg>${URL}</arg>
<doc>Navigates the current browser window to the provided ``url``.</doc>
<msg timestamp="20210510 12:06:41.740" level="INFO">Opening url 'http://localhost:4200/'</msg>
<status status="PASS" starttime="20210510 12:06:41.740" endtime="20210510 12:06:41.886"/>
</kw>
<status status="PASS" starttime="20210510 12:06:41.740" endtime="20210510 12:06:41.886"/>
</kw>
<kw name="Verify Page Loaded" library="keywords_general">
<kw name="Get Title" library="SeleniumLibrary">
<var>${LINK_TEXT}</var>
<doc>Returns the title of the current page.</doc>
<msg timestamp="20210510 12:06:41.890" level="INFO">${LINK_TEXT} = SpringPetclinicAngular</msg>
<status status="PASS" starttime="20210510 12:06:41.887" endtime="20210510 12:06:41.890"/>
</kw>
<kw name="Should Be Equal" library="BuiltIn">
<arg>${LINK_TEXT}</arg>
<arg>SpringPetclinicAngular</arg>
<doc>Fails if the given objects are unequal.</doc>
<status status="PASS" starttime="20210510 12:06:41.890" endtime="20210510 12:06:41.890"/>
</kw>
<kw name="Page Should Contain" library="SeleniumLibrary">
<arg>Welcome to Petclinic</arg>
<doc>Verifies that current page contains ``text``.</doc>
<msg timestamp="20210510 12:06:41.898" level="INFO">Current page contains text 'Welcome to Petclinic'.</msg>
<status status="PASS" starttime="20210510 12:06:41.890" endtime="20210510 12:06:41.898"/>
</kw>
<status status="PASS" starttime="20210510 12:06:41.887" endtime="20210510 12:06:41.898"/>
</kw>
<status status="PASS" starttime="20210510 12:06:41.739" endtime="20210510 12:06:41.898"/>
</kw>
<kw name="Click Menu_petType" library="keywords_petType">
<kw name="Click Element" library="SeleniumLibrary">
<arg>xpath://html/body/app-root/div[1]/nav/div/ul/li[4]/a/span[2]</arg>
<doc>Click the element identified by ``locator``.</doc>
<msg timestamp="20210510 12:06:41.899" level="INFO">Clicking element 'xpath://html/body/app-root/div[1]/nav/div/ul/li[4]/a/span[2]'.</msg>
<status status="PASS" starttime="20210510 12:06:41.899" endtime="20210510 12:06:41.935"/>
</kw>
<status status="PASS" starttime="20210510 12:06:41.899" endtime="20210510 12:06:41.935"/>
</kw>
<kw name="Verify Page_petType Loaded" library="keywords_petType">
<kw name="Wait Until Page Contains Element" library="SeleniumLibrary">
<arg>xpath://html/body/app-root/app-pettype-list/div/div/h2</arg>
<doc>Waits until the element ``locator`` appears on the current page.</doc>
<status status="PASS" starttime="20210510 12:06:41.935" endtime="20210510 12:06:41.957"/>
</kw>
<kw name="Page Should Contain" library="SeleniumLibrary">
<arg>Pet Types</arg>
<doc>Verifies that current page contains ``text``.</doc>
<msg timestamp="20210510 12:06:41.964" level="INFO">Current page contains text 'Pet Types'.</msg>
<status status="PASS" starttime="20210510 12:06:41.957" endtime="20210510 12:06:41.964"/>
</kw>
<status status="PASS" starttime="20210510 12:06:41.935" endtime="20210510 12:06:41.964"/>
</kw>
<status status="PASS" starttime="20210510 12:06:41.739" endtime="20210510 12:06:41.965"/>
</kw>
<kw name="Click Button &amp;&amp; Verify Edit and Input Field Page Loaded" library="keywords_petType">
<kw name="Click Button_petType_edit_ID5" library="keywords_petType">
<kw name="Click Element" library="SeleniumLibrary">
<arg>xpath://html/body/app-root/app-pettype-list/div/div/table/tbody/tr[6]/td[2]/button[1]</arg>
<doc>Click the element identified by ``locator``.</doc>
<msg timestamp="20210510 12:06:41.965" level="INFO">Clicking element 'xpath://html/body/app-root/app-pettype-list/div/div/table/tbody/tr[6]/td[2]/button[1]'.</msg>
<status status="PASS" starttime="20210510 12:06:41.965" endtime="20210510 12:06:42.000"/>
</kw>
<status status="PASS" starttime="20210510 12:06:41.965" endtime="20210510 12:06:42.001"/>
</kw>
<kw name="Verify Page_petType_EditPetTypePage Loaded" library="keywords_petType">
<kw name="Wait Until Page Contains Element" library="SeleniumLibrary">
<arg>xpath://html/body/app-root/app-pettype-edit/div/div/h2</arg>
<doc>Waits until the element ``locator`` appears on the current page.</doc>
<status status="PASS" starttime="20210510 12:06:42.001" endtime="20210510 12:06:42.009"/>
</kw>
<kw name="Wait Until Page Contains Element" library="SeleniumLibrary">
<arg>xpath://html/body/app-root/app-pettype-edit/div/div/form/div[2]/div/div/input</arg>
<doc>Waits until the element ``locator`` appears on the current page.</doc>
<status status="PASS" starttime="20210510 12:06:42.009" endtime="20210510 12:06:42.016"/>
</kw>
<kw name="Page Should Contain" library="SeleniumLibrary">
<arg>Edit Pet Type</arg>
<doc>Verifies that current page contains ``text``.</doc>
<msg timestamp="20210510 12:06:42.023" level="INFO">Current page contains text 'Edit Pet Type'.</msg>
<status status="PASS" starttime="20210510 12:06:42.016" endtime="20210510 12:06:42.023"/>
</kw>
<status status="PASS" starttime="20210510 12:06:42.001" endtime="20210510 12:06:42.023"/>
</kw>
<status status="PASS" starttime="20210510 12:06:41.965" endtime="20210510 12:06:42.023"/>
</kw>
<kw name="Input New Pet Type Text" library="keywords_petType">
<arg>HAMSTER</arg>
<kw name="Input Text" library="SeleniumLibrary">
<arg>id:name</arg>
<arg>${search_term}</arg>
<doc>Types the given ``text`` into the text field identified by ``locator``.</doc>
<msg timestamp="20210510 12:06:42.024" level="INFO">Typing text 'HAMSTER' into text field 'id:name'.</msg>
<status status="PASS" starttime="20210510 12:06:42.024" endtime="20210510 12:06:42.081"/>
</kw>
<status status="PASS" starttime="20210510 12:06:42.023" endtime="20210510 12:06:42.081"/>
</kw>
<kw name="Click Button Update &amp;&amp; Verify Pet Type Page Loaded" library="keywords_petType">
<kw name="Click Button_petType_Update" library="keywords_petType">
<kw name="Click Element" library="SeleniumLibrary">
<arg>xpath://html/body/app-root/app-pettype-edit/div/div/form/div[2]/div/button[1]</arg>
<doc>Click the element identified by ``locator``.</doc>
<msg timestamp="20210510 12:06:42.081" level="INFO">Clicking element 'xpath://html/body/app-root/app-pettype-edit/div/div/form/div[2]/div/button[1]'.</msg>
<status status="PASS" starttime="20210510 12:06:42.081" endtime="20210510 12:06:42.110"/>
</kw>
<status status="PASS" starttime="20210510 12:06:42.081" endtime="20210510 12:06:42.110"/>
</kw>
<kw name="Verify Page_petType Loaded" library="keywords_petType">
<kw name="Wait Until Page Contains Element" library="SeleniumLibrary">
<arg>xpath://html/body/app-root/app-pettype-list/div/div/h2</arg>
<doc>Waits until the element ``locator`` appears on the current page.</doc>
<status status="PASS" starttime="20210510 12:06:42.110" endtime="20210510 12:06:42.120"/>
</kw>
<kw name="Page Should Contain" library="SeleniumLibrary">
<arg>Pet Types</arg>
<doc>Verifies that current page contains ``text``.</doc>
<msg timestamp="20210510 12:06:42.135" level="INFO">Current page contains text 'Pet Types'.</msg>
<status status="PASS" starttime="20210510 12:06:42.121" endtime="20210510 12:06:42.135"/>
</kw>
<status status="PASS" starttime="20210510 12:06:42.110" endtime="20210510 12:06:42.136"/>
</kw>
<status status="PASS" starttime="20210510 12:06:42.081" endtime="20210510 12:06:42.136"/>
</kw>
<kw name="End Web Test" library="keywords_general" type="TEARDOWN">
<kw name="Close Browser" library="SeleniumLibrary">
<doc>Closes the current browser.</doc>
<status status="PASS" starttime="20210510 12:06:42.136" endtime="20210510 12:06:44.215"/>
</kw>
<status status="PASS" starttime="20210510 12:06:42.136" endtime="20210510 12:06:44.215"/>
</kw>
<doc>Verifiera att användaren kan lagra en husdjurtyp som har ändrats</doc>
<tag>TF_C_3</tag>
<status status="PASS" starttime="20210510 12:06:40.724" endtime="20210510 12:06:44.216"/>
</test>
<test id="s1-t4" name="Användaren kan avbryta ändringsprocessen genom &quot;Cancel&quot;-knappen i Pet Types-sidan">
<kw name="Begin Web Test" library="keywords_general" type="SETUP">
<kw name="Open Browser" library="SeleniumLibrary">
<arg>about:blank</arg>
<arg>${BROWSER}</arg>
<doc>Opens a new browser instance to the optional ``url``.</doc>
<msg timestamp="20210510 12:06:44.218" level="INFO">Opening browser 'chrome' to base url 'about:blank'.</msg>
<status status="PASS" starttime="20210510 12:06:44.218" endtime="20210510 12:06:45.217"/>
</kw>
<kw name="Set Selenium Timeout" library="SeleniumLibrary">
<arg>10</arg>
<doc>Sets the timeout that is used by various keywords.</doc>
<status status="PASS" starttime="20210510 12:06:45.217" endtime="20210510 12:06:45.218"/>
</kw>
<status status="PASS" starttime="20210510 12:06:44.218" endtime="20210510 12:06:45.218"/>
</kw>
<kw name="Go to PetClinic &amp;&amp; Click Menu &amp;&amp; Verify Page" library="keywords_petType">
<kw name="Go to Web Page" library="keywords_general">
<kw name="Load Page" library="keywords_general">
<kw name="Go To" library="SeleniumLibrary">
<arg>${URL}</arg>
<doc>Navigates the current browser window to the provided ``url``.</doc>
<msg timestamp="20210510 12:06:45.219" level="INFO">Opening url 'http://localhost:4200/'</msg>
<status status="PASS" starttime="20210510 12:06:45.219" endtime="20210510 12:06:45.369"/>
</kw>
<status status="PASS" starttime="20210510 12:06:45.219" endtime="20210510 12:06:45.369"/>
</kw>
<kw name="Verify Page Loaded" library="keywords_general">
<kw name="Get Title" library="SeleniumLibrary">
<var>${LINK_TEXT}</var>
<doc>Returns the title of the current page.</doc>
<msg timestamp="20210510 12:06:45.373" level="INFO">${LINK_TEXT} = SpringPetclinicAngular</msg>
<status status="PASS" starttime="20210510 12:06:45.369" endtime="20210510 12:06:45.373"/>
</kw>
<kw name="Should Be Equal" library="BuiltIn">
<arg>${LINK_TEXT}</arg>
<arg>SpringPetclinicAngular</arg>
<doc>Fails if the given objects are unequal.</doc>
<status status="PASS" starttime="20210510 12:06:45.373" endtime="20210510 12:06:45.373"/>
</kw>
<kw name="Page Should Contain" library="SeleniumLibrary">
<arg>Welcome to Petclinic</arg>
<doc>Verifies that current page contains ``text``.</doc>
<msg timestamp="20210510 12:06:45.383" level="INFO">Current page contains text 'Welcome to Petclinic'.</msg>
<status status="PASS" starttime="20210510 12:06:45.373" endtime="20210510 12:06:45.383"/>
</kw>
<status status="PASS" starttime="20210510 12:06:45.369" endtime="20210510 12:06:45.383"/>
</kw>
<status status="PASS" starttime="20210510 12:06:45.219" endtime="20210510 12:06:45.383"/>
</kw>
<kw name="Click Menu_petType" library="keywords_petType">
<kw name="Click Element" library="SeleniumLibrary">
<arg>xpath://html/body/app-root/div[1]/nav/div/ul/li[4]/a/span[2]</arg>
<doc>Click the element identified by ``locator``.</doc>
<msg timestamp="20210510 12:06:45.383" level="INFO">Clicking element 'xpath://html/body/app-root/div[1]/nav/div/ul/li[4]/a/span[2]'.</msg>
<status status="PASS" starttime="20210510 12:06:45.383" endtime="20210510 12:06:45.428"/>
</kw>
<status status="PASS" starttime="20210510 12:06:45.383" endtime="20210510 12:06:45.428"/>
</kw>
<kw name="Verify Page_petType Loaded" library="keywords_petType">
<kw name="Wait Until Page Contains Element" library="SeleniumLibrary">
<arg>xpath://html/body/app-root/app-pettype-list/div/div/h2</arg>
<doc>Waits until the element ``locator`` appears on the current page.</doc>
<status status="PASS" starttime="20210510 12:06:45.429" endtime="20210510 12:06:45.441"/>
</kw>
<kw name="Page Should Contain" library="SeleniumLibrary">
<arg>Pet Types</arg>
<doc>Verifies that current page contains ``text``.</doc>
<msg timestamp="20210510 12:06:45.449" level="INFO">Current page contains text 'Pet Types'.</msg>
<status status="PASS" starttime="20210510 12:06:45.441" endtime="20210510 12:06:45.449"/>
</kw>
<status status="PASS" starttime="20210510 12:06:45.428" endtime="20210510 12:06:45.449"/>
</kw>
<status status="PASS" starttime="20210510 12:06:45.218" endtime="20210510 12:06:45.449"/>
</kw>
<kw name="Click Button &amp;&amp; Verify Edit and Input Field Page Loaded" library="keywords_petType">
<kw name="Click Button_petType_edit_ID5" library="keywords_petType">
<kw name="Click Element" library="SeleniumLibrary">
<arg>xpath://html/body/app-root/app-pettype-list/div/div/table/tbody/tr[6]/td[2]/button[1]</arg>
<doc>Click the element identified by ``locator``.</doc>
<msg timestamp="20210510 12:06:45.450" level="INFO">Clicking element 'xpath://html/body/app-root/app-pettype-list/div/div/table/tbody/tr[6]/td[2]/button[1]'.</msg>
<status status="PASS" starttime="20210510 12:06:45.450" endtime="20210510 12:06:45.485"/>
</kw>
<status status="PASS" starttime="20210510 12:06:45.450" endtime="20210510 12:06:45.485"/>
</kw>
<kw name="Verify Page_petType_EditPetTypePage Loaded" library="keywords_petType">
<kw name="Wait Until Page Contains Element" library="SeleniumLibrary">
<arg>xpath://html/body/app-root/app-pettype-edit/div/div/h2</arg>
<doc>Waits until the element ``locator`` appears on the current page.</doc>
<status status="PASS" starttime="20210510 12:06:45.486" endtime="20210510 12:06:45.493"/>
</kw>
<kw name="Wait Until Page Contains Element" library="SeleniumLibrary">
<arg>xpath://html/body/app-root/app-pettype-edit/div/div/form/div[2]/div/div/input</arg>
<doc>Waits until the element ``locator`` appears on the current page.</doc>
<status status="PASS" starttime="20210510 12:06:45.493" endtime="20210510 12:06:45.500"/>
</kw>
<kw name="Page Should Contain" library="SeleniumLibrary">
<arg>Edit Pet Type</arg>
<doc>Verifies that current page contains ``text``.</doc>
<msg timestamp="20210510 12:06:45.507" level="INFO">Current page contains text 'Edit Pet Type'.</msg>
<status status="PASS" starttime="20210510 12:06:45.500" endtime="20210510 12:06:45.508"/>
</kw>
<status status="PASS" starttime="20210510 12:06:45.485" endtime="20210510 12:06:45.508"/>
</kw>
<status status="PASS" starttime="20210510 12:06:45.449" endtime="20210510 12:06:45.508"/>
</kw>
<kw name="Click Button Cancel &amp;&amp; Verify Page Loaded" library="keywords_petType">
<kw name="Click Button_petType_Cancel" library="keywords_petType">
<kw name="Click Element" library="SeleniumLibrary">
<arg>xpath://html/body/app-root/app-pettype-edit/div/div/form/div[2]/div/button[2]</arg>
<doc>Click the element identified by ``locator``.</doc>
<msg timestamp="20210510 12:06:45.509" level="INFO">Clicking element 'xpath://html/body/app-root/app-pettype-edit/div/div/form/div[2]/div/button[2]'.</msg>
<status status="PASS" starttime="20210510 12:06:45.508" endtime="20210510 12:06:45.539"/>
</kw>
<status status="PASS" starttime="20210510 12:06:45.508" endtime="20210510 12:06:45.539"/>
</kw>
<kw name="Verify Page_petType Loaded" library="keywords_petType">
<kw name="Wait Until Page Contains Element" library="SeleniumLibrary">
<arg>xpath://html/body/app-root/app-pettype-list/div/div/h2</arg>
<doc>Waits until the element ``locator`` appears on the current page.</doc>
<status status="PASS" starttime="20210510 12:06:45.540" endtime="20210510 12:06:45.556"/>
</kw>
<kw name="Page Should Contain" library="SeleniumLibrary">
<arg>Pet Types</arg>
<doc>Verifies that current page contains ``text``.</doc>
<msg timestamp="20210510 12:06:45.562" level="INFO">Current page contains text 'Pet Types'.</msg>
<status status="PASS" starttime="20210510 12:06:45.556" endtime="20210510 12:06:45.562"/>
</kw>
<status status="PASS" starttime="20210510 12:06:45.539" endtime="20210510 12:06:45.562"/>
</kw>
<status status="PASS" starttime="20210510 12:06:45.508" endtime="20210510 12:06:45.562"/>
</kw>
<kw name="End Web Test" library="keywords_general" type="TEARDOWN">
<kw name="Close Browser" library="SeleniumLibrary">
<doc>Closes the current browser.</doc>
<status status="PASS" starttime="20210510 12:06:45.563" endtime="20210510 12:06:47.617"/>
</kw>
<status status="PASS" starttime="20210510 12:06:45.562" endtime="20210510 12:06:47.617"/>
</kw>
<doc>Verifiera att användaren kan avbryta ändringssessionen</doc>
<tag>TF_C_4</tag>
<status status="PASS" starttime="20210510 12:06:44.217" endtime="20210510 12:06:47.618"/>
</test>
<test id="s1-t5" name="Användaren kan ta bort husdjurtypen &quot;hästarärgrymma?//&quot; från listan genom &quot;Delete&quot;-knappen">
<kw name="Begin Web Test" library="keywords_general" type="SETUP">
<kw name="Open Browser" library="SeleniumLibrary">
<arg>about:blank</arg>
<arg>${BROWSER}</arg>
<doc>Opens a new browser instance to the optional ``url``.</doc>
<msg timestamp="20210510 12:06:47.619" level="INFO">Opening browser 'chrome' to base url 'about:blank'.</msg>
<status status="PASS" starttime="20210510 12:06:47.619" endtime="20210510 12:06:48.649"/>
</kw>
<kw name="Set Selenium Timeout" library="SeleniumLibrary">
<arg>10</arg>
<doc>Sets the timeout that is used by various keywords.</doc>
<status status="PASS" starttime="20210510 12:06:48.649" endtime="20210510 12:06:48.650"/>
</kw>
<status status="PASS" starttime="20210510 12:06:47.619" endtime="20210510 12:06:48.650"/>
</kw>
<kw name="Go to PetClinic &amp;&amp; Click Menu &amp;&amp; Verify Page" library="keywords_petType">
<kw name="Go to Web Page" library="keywords_general">
<kw name="Load Page" library="keywords_general">
<kw name="Go To" library="SeleniumLibrary">
<arg>${URL}</arg>
<doc>Navigates the current browser window to the provided ``url``.</doc>
<msg timestamp="20210510 12:06:48.651" level="INFO">Opening url 'http://localhost:4200/'</msg>
<status status="PASS" starttime="20210510 12:06:48.651" endtime="20210510 12:06:48.801"/>
</kw>
<status status="PASS" starttime="20210510 12:06:48.651" endtime="20210510 12:06:48.802"/>
</kw>
<kw name="Verify Page Loaded" library="keywords_general">
<kw name="Get Title" library="SeleniumLibrary">
<var>${LINK_TEXT}</var>
<doc>Returns the title of the current page.</doc>
<msg timestamp="20210510 12:06:48.805" level="INFO">${LINK_TEXT} = SpringPetclinicAngular</msg>
<status status="PASS" starttime="20210510 12:06:48.802" endtime="20210510 12:06:48.805"/>
</kw>
<kw name="Should Be Equal" library="BuiltIn">
<arg>${LINK_TEXT}</arg>
<arg>SpringPetclinicAngular</arg>
<doc>Fails if the given objects are unequal.</doc>
<status status="PASS" starttime="20210510 12:06:48.805" endtime="20210510 12:06:48.806"/>
</kw>
<kw name="Page Should Contain" library="SeleniumLibrary">
<arg>Welcome to Petclinic</arg>
<doc>Verifies that current page contains ``text``.</doc>
<msg timestamp="20210510 12:06:48.814" level="INFO">Current page contains text 'Welcome to Petclinic'.</msg>
<status status="PASS" starttime="20210510 12:06:48.806" endtime="20210510 12:06:48.815"/>
</kw>
<status status="PASS" starttime="20210510 12:06:48.802" endtime="20210510 12:06:48.815"/>
</kw>
<status status="PASS" starttime="20210510 12:06:48.650" endtime="20210510 12:06:48.815"/>
</kw>
<kw name="Click Menu_petType" library="keywords_petType">
<kw name="Click Element" library="SeleniumLibrary">
<arg>xpath://html/body/app-root/div[1]/nav/div/ul/li[4]/a/span[2]</arg>
<doc>Click the element identified by ``locator``.</doc>
<msg timestamp="20210510 12:06:48.815" level="INFO">Clicking element 'xpath://html/body/app-root/div[1]/nav/div/ul/li[4]/a/span[2]'.</msg>
<status status="PASS" starttime="20210510 12:06:48.815" endtime="20210510 12:06:48.851"/>
</kw>
<status status="PASS" starttime="20210510 12:06:48.815" endtime="20210510 12:06:48.851"/>
</kw>
<kw name="Verify Page_petType Loaded" library="keywords_petType">
<kw name="Wait Until Page Contains Element" library="SeleniumLibrary">
<arg>xpath://html/body/app-root/app-pettype-list/div/div/h2</arg>
<doc>Waits until the element ``locator`` appears on the current page.</doc>
<status status="PASS" starttime="20210510 12:06:48.851" endtime="20210510 12:06:48.872"/>
</kw>
<kw name="Page Should Contain" library="SeleniumLibrary">
<arg>Pet Types</arg>
<doc>Verifies that current page contains ``text``.</doc>
<msg timestamp="20210510 12:06:48.880" level="INFO">Current page contains text 'Pet Types'.</msg>
<status status="PASS" starttime="20210510 12:06:48.872" endtime="20210510 12:06:48.880"/>
</kw>
<status status="PASS" starttime="20210510 12:06:48.851" endtime="20210510 12:06:48.880"/>
</kw>
<status status="PASS" starttime="20210510 12:06:48.650" endtime="20210510 12:06:48.880"/>
</kw>
<kw name="Delete PetType &amp;&amp; Verify Page Loaded" library="keywords_petType">
<kw name="Set Selenium Speed" library="SeleniumLibrary">
<arg>2</arg>
<doc>Sets the delay that is waited after each Selenium command.</doc>
<status status="PASS" starttime="20210510 12:06:48.881" endtime="20210510 12:06:48.881"/>
</kw>
<kw name="Click Button_petType_Delete_ID6" library="keywords_petType">
<kw name="Click Element" library="SeleniumLibrary">
<arg>xpath://html/body/app-root/app-pettype-list/div/div/table/tbody/tr[7]/td[2]/button[2]</arg>
<doc>Click the element identified by ``locator``.</doc>
<msg timestamp="20210510 12:06:48.881" level="INFO">Clicking element 'xpath://html/body/app-root/app-pettype-list/div/div/table/tbody/tr[7]/td[2]/button[2]'.</msg>
<status status="PASS" starttime="20210510 12:06:48.881" endtime="20210510 12:06:52.924"/>
</kw>
<status status="PASS" starttime="20210510 12:06:48.881" endtime="20210510 12:06:52.924"/>
</kw>
<kw name="Verify Page_petType Loaded" library="keywords_petType">
<kw name="Wait Until Page Contains Element" library="SeleniumLibrary">
<arg>xpath://html/body/app-root/app-pettype-list/div/div/h2</arg>
<doc>Waits until the element ``locator`` appears on the current page.</doc>
<status status="PASS" starttime="20210510 12:06:52.925" endtime="20210510 12:06:54.939"/>
</kw>
<kw name="Page Should Contain" library="SeleniumLibrary">
<arg>Pet Types</arg>
<doc>Verifies that current page contains ``text``.</doc>
<msg timestamp="20210510 12:06:58.956" level="INFO">Current page contains text 'Pet Types'.</msg>
<status status="PASS" starttime="20210510 12:06:54.939" endtime="20210510 12:06:58.956"/>
</kw>
<status status="PASS" starttime="20210510 12:06:52.925" endtime="20210510 12:06:58.956"/>
</kw>
<status status="PASS" starttime="20210510 12:06:48.880" endtime="20210510 12:06:58.956"/>
</kw>
<kw name="End Web Test" library="keywords_general" type="TEARDOWN">
<kw name="Close Browser" library="SeleniumLibrary">
<doc>Closes the current browser.</doc>
<status status="PASS" starttime="20210510 12:06:58.957" endtime="20210510 12:07:03.006"/>
</kw>
<status status="PASS" starttime="20210510 12:06:58.957" endtime="20210510 12:07:03.007"/>
</kw>
<doc>Verifiera att användaren kan ta bort önskad husdjurtyp från listan</doc>
<tag>TF_C_5</tag>
<status status="PASS" starttime="20210510 12:06:47.618" endtime="20210510 12:07:03.007"/>
</test>
<doc>Testsuite Edit &amp; Remove Pet Types</doc>
<status status="PASS" starttime="20210510 12:06:33.728" endtime="20210510 12:07:03.008"/>
</suite>
<statistics>
<total>
<stat pass="5" fail="0" skip="0">All Tests</stat>
</total>
<tag>
<stat pass="1" fail="0" skip="0">TF_C_1</stat>
<stat pass="1" fail="0" skip="0">TF_C_2</stat>
<stat pass="1" fail="0" skip="0">TF_C_3</stat>
<stat pass="1" fail="0" skip="0">TF_C_4</stat>
<stat pass="1" fail="0" skip="0">TF_C_5</stat>
</tag>
<suite>
<stat pass="5" fail="0" skip="0" id="s1" name="petclinic editAndRemovePetType">petclinic editAndRemovePetType</stat>
</suite>
</statistics>
<errors>
</errors>
</robot>
