<?xml version="1.0" encoding="UTF-8"?>
<robot generator="Robot 4.0.1 (Python 3.9.4 on win32)" generated="20210426 14:04:47.560" rpa="false" schemaversion="2">
<suite id="s1" name="petclinic nonFunctionalTest" source="C:\Users\stefa\PycharmProjects\robot\Tests\petclinic_nonFunctionalTest.robot">
<test id="s1-t1" name="Check perfomance of the webpage">
<kw name="Begin Web Test" library="keywords_nonFunctionalTest" type="SETUP">
<kw name="Open Browser" library="SeleniumLibrary">
<arg>about:blank</arg>
<arg>${BROWSER}</arg>
<doc>Opens a new browser instance to the optional ``url``.</doc>
<msg timestamp="20210426 14:04:47.689" level="INFO">Opening browser 'chrome' to base url 'about:blank'.</msg>
<status status="PASS" starttime="20210426 14:04:47.689" endtime="20210426 14:04:48.704"/>
</kw>
<kw name="Set Selenium Timeout" library="SeleniumLibrary">
<arg>10</arg>
<doc>Sets the timeout that is used by various keywords.</doc>
<status status="PASS" starttime="20210426 14:04:48.704" endtime="20210426 14:04:48.705"/>
</kw>
<status status="PASS" starttime="20210426 14:04:47.689" endtime="20210426 14:04:48.705"/>
</kw>
<kw name="Go to Web Page" library="keywords_nonFunctionalTest">
<kw name="Load Page" library="keywords_nonFunctionalTest">
<kw name="Go To" library="SeleniumLibrary">
<arg>${URL}</arg>
<doc>Navigates the current browser window to the provided ``url``.</doc>
<msg timestamp="20210426 14:04:48.706" level="INFO">Opening url 'http://localhost:4200/'</msg>
<status status="PASS" starttime="20210426 14:04:48.706" endtime="20210426 14:04:48.848"/>
</kw>
<status status="PASS" starttime="20210426 14:04:48.706" endtime="20210426 14:04:48.849"/>
</kw>
<kw name="Verify Page Loaded" library="keywords_nonFunctionalTest">
<kw name="Get Title" library="SeleniumLibrary">
<var>${LINK_TEXT}</var>
<doc>Returns the title of the current page.</doc>
<msg timestamp="20210426 14:04:48.851" level="INFO">${LINK_TEXT} = SpringPetclinicAngular</msg>
<status status="PASS" starttime="20210426 14:04:48.849" endtime="20210426 14:04:48.852"/>
</kw>
<kw name="Should Be Equal" library="BuiltIn">
<arg>${LINK_TEXT}</arg>
<arg>SpringPetclinicAngular</arg>
<doc>Fails if the given objects are unequal.</doc>
<status status="PASS" starttime="20210426 14:04:48.852" endtime="20210426 14:04:48.852"/>
</kw>
<kw name="Page Should Contain" library="SeleniumLibrary">
<arg>Welcome to Petclinic</arg>
<doc>Verifies that current page contains ``text``.</doc>
<msg timestamp="20210426 14:04:48.860" level="INFO">Current page contains text 'Welcome to Petclinic'.</msg>
<status status="PASS" starttime="20210426 14:04:48.852" endtime="20210426 14:04:48.860"/>
</kw>
<status status="PASS" starttime="20210426 14:04:48.849" endtime="20210426 14:04:48.860"/>
</kw>
<status status="PASS" starttime="20210426 14:04:48.705" endtime="20210426 14:04:48.861"/>
</kw>
<kw name="Click Element Menu" library="keywords_nonFunctionalTest">
<kw name="Click Element" library="SeleniumLibrary">
<arg>xpath://html/body/app-root/div[1]/nav/div/ul/li[2]/a</arg>
<doc>Click the element identified by ``locator``.</doc>
<msg timestamp="20210426 14:04:48.861" level="INFO">Clicking element 'xpath://html/body/app-root/div[1]/nav/div/ul/li[2]/a'.</msg>
<status status="PASS" starttime="20210426 14:04:48.861" endtime="20210426 14:04:48.891"/>
</kw>
<status status="PASS" starttime="20210426 14:04:48.861" endtime="20210426 14:04:48.891"/>
</kw>
<kw name="Click Element Menu_All" library="keywords_nonFunctionalTest">
<kw name="Click Element" library="SeleniumLibrary">
<arg>xpath://html/body/app-root/div[1]/nav/div/ul/li[2]/ul/li[1]/a</arg>
<doc>Click the element identified by ``locator``.</doc>
<msg timestamp="20210426 14:04:48.891" level="INFO">Clicking element 'xpath://html/body/app-root/div[1]/nav/div/ul/li[2]/ul/li[1]/a'.</msg>
<status status="PASS" starttime="20210426 14:04:48.891" endtime="20210426 14:04:48.923"/>
</kw>
<status status="PASS" starttime="20210426 14:04:48.891" endtime="20210426 14:04:48.924"/>
</kw>
<kw name="Verify Page_OwnerList Loaded" library="keywords_nonFunctionalTest">
<kw name="Wait Until Page Contains Element" library="SeleniumLibrary">
<arg>xpath://html/body/app-root/app-owner-list/div/div/h2</arg>
<doc>Waits until the element ``locator`` appears on the current page.</doc>
<status status="PASS" starttime="20210426 14:04:48.924" endtime="20210426 14:04:48.939"/>
</kw>
<kw name="Page Should Contain" library="SeleniumLibrary">
<arg>Owners</arg>
<doc>Verifies that current page contains ``text``.</doc>
<msg timestamp="20210426 14:04:48.947" level="INFO">Current page contains text 'Owners'.</msg>
<status status="PASS" starttime="20210426 14:04:48.940" endtime="20210426 14:04:48.947"/>
</kw>
<status status="PASS" starttime="20210426 14:04:48.924" endtime="20210426 14:04:48.948"/>
</kw>
<kw name="Click Element Menu_Home" library="keywords_nonFunctionalTest">
<kw name="Click Element" library="SeleniumLibrary">
<arg>xpath://html/body/app-root/div[1]/nav/div/ul/li[1]/a/span[2]</arg>
<doc>Click the element identified by ``locator``.</doc>
<msg timestamp="20210426 14:04:48.948" level="INFO">Clicking element 'xpath://html/body/app-root/div[1]/nav/div/ul/li[1]/a/span[2]'.</msg>
<status status="PASS" starttime="20210426 14:04:48.948" endtime="20210426 14:04:48.976"/>
</kw>
<status status="PASS" starttime="20210426 14:04:48.948" endtime="20210426 14:04:48.976"/>
</kw>
<kw name="Verify Page_Home Loaded" library="keywords_nonFunctionalTest">
<kw name="Wait Until Page Contains Element" library="SeleniumLibrary">
<arg>xpath://html/body/app-root/app-welcome/h1</arg>
<doc>Waits until the element ``locator`` appears on the current page.</doc>
<status status="PASS" starttime="20210426 14:04:48.977" endtime="20210426 14:04:48.984"/>
</kw>
<kw name="Page Should Contain" library="SeleniumLibrary">
<arg>Welcome to Petclinic</arg>
<doc>Verifies that current page contains ``text``.</doc>
<msg timestamp="20210426 14:04:48.989" level="INFO">Current page contains text 'Welcome to Petclinic'.</msg>
<status status="PASS" starttime="20210426 14:04:48.984" endtime="20210426 14:04:48.989"/>
</kw>
<status status="PASS" starttime="20210426 14:04:48.976" endtime="20210426 14:04:48.990"/>
</kw>
<kw name="Go to Web Page" library="keywords_nonFunctionalTest">
<kw name="Load Page" library="keywords_nonFunctionalTest">
<kw name="Go To" library="SeleniumLibrary">
<arg>${URL}</arg>
<doc>Navigates the current browser window to the provided ``url``.</doc>
<msg timestamp="20210426 14:04:48.990" level="INFO">Opening url 'http://localhost:4200/'</msg>
<status status="PASS" starttime="20210426 14:04:48.990" endtime="20210426 14:04:49.110"/>
</kw>
<status status="PASS" starttime="20210426 14:04:48.990" endtime="20210426 14:04:49.110"/>
</kw>
<kw name="Verify Page Loaded" library="keywords_nonFunctionalTest">
<kw name="Get Title" library="SeleniumLibrary">
<var>${LINK_TEXT}</var>
<doc>Returns the title of the current page.</doc>
<msg timestamp="20210426 14:04:49.113" level="INFO">${LINK_TEXT} = SpringPetclinicAngular</msg>
<status status="PASS" starttime="20210426 14:04:49.111" endtime="20210426 14:04:49.113"/>
</kw>
<kw name="Should Be Equal" library="BuiltIn">
<arg>${LINK_TEXT}</arg>
<arg>SpringPetclinicAngular</arg>
<doc>Fails if the given objects are unequal.</doc>
<status status="PASS" starttime="20210426 14:04:49.113" endtime="20210426 14:04:49.114"/>
</kw>
<kw name="Page Should Contain" library="SeleniumLibrary">
<arg>Welcome to Petclinic</arg>
<doc>Verifies that current page contains ``text``.</doc>
<msg timestamp="20210426 14:04:49.119" level="INFO">Current page contains text 'Welcome to Petclinic'.</msg>
<status status="PASS" starttime="20210426 14:04:49.114" endtime="20210426 14:04:49.119"/>
</kw>
<status status="PASS" starttime="20210426 14:04:49.111" endtime="20210426 14:04:49.120"/>
</kw>
<status status="PASS" starttime="20210426 14:04:48.990" endtime="20210426 14:04:49.120"/>
</kw>
<kw name="Click Element Menu" library="keywords_nonFunctionalTest">
<kw name="Click Element" library="SeleniumLibrary">
<arg>xpath://html/body/app-root/div[1]/nav/div/ul/li[2]/a</arg>
<doc>Click the element identified by ``locator``.</doc>
<msg timestamp="20210426 14:04:49.120" level="INFO">Clicking element 'xpath://html/body/app-root/div[1]/nav/div/ul/li[2]/a'.</msg>
<status status="PASS" starttime="20210426 14:04:49.120" endtime="20210426 14:04:49.142"/>
</kw>
<status status="PASS" starttime="20210426 14:04:49.120" endtime="20210426 14:04:49.142"/>
</kw>
<kw name="Click Element Menu_All" library="keywords_nonFunctionalTest">
<kw name="Click Element" library="SeleniumLibrary">
<arg>xpath://html/body/app-root/div[1]/nav/div/ul/li[2]/ul/li[1]/a</arg>
<doc>Click the element identified by ``locator``.</doc>
<msg timestamp="20210426 14:04:49.143" level="INFO">Clicking element 'xpath://html/body/app-root/div[1]/nav/div/ul/li[2]/ul/li[1]/a'.</msg>
<status status="PASS" starttime="20210426 14:04:49.143" endtime="20210426 14:04:49.172"/>
</kw>
<status status="PASS" starttime="20210426 14:04:49.143" endtime="20210426 14:04:49.172"/>
</kw>
<kw name="Verify Page_OwnerList Loaded" library="keywords_nonFunctionalTest">
<kw name="Wait Until Page Contains Element" library="SeleniumLibrary">
<arg>xpath://html/body/app-root/app-owner-list/div/div/h2</arg>
<doc>Waits until the element ``locator`` appears on the current page.</doc>
<status status="PASS" starttime="20210426 14:04:49.173" endtime="20210426 14:04:49.184"/>
</kw>
<kw name="Page Should Contain" library="SeleniumLibrary">
<arg>Owners</arg>
<doc>Verifies that current page contains ``text``.</doc>
<msg timestamp="20210426 14:04:49.189" level="INFO">Current page contains text 'Owners'.</msg>
<status status="PASS" starttime="20210426 14:04:49.184" endtime="20210426 14:04:49.189"/>
</kw>
<status status="PASS" starttime="20210426 14:04:49.172" endtime="20210426 14:04:49.189"/>
</kw>
<kw name="Click Element Menu_Home" library="keywords_nonFunctionalTest">
<kw name="Click Element" library="SeleniumLibrary">
<arg>xpath://html/body/app-root/div[1]/nav/div/ul/li[1]/a/span[2]</arg>
<doc>Click the element identified by ``locator``.</doc>
<msg timestamp="20210426 14:04:49.190" level="INFO">Clicking element 'xpath://html/body/app-root/div[1]/nav/div/ul/li[1]/a/span[2]'.</msg>
<status status="PASS" starttime="20210426 14:04:49.190" endtime="20210426 14:04:49.215"/>
</kw>
<status status="PASS" starttime="20210426 14:04:49.190" endtime="20210426 14:04:49.215"/>
</kw>
<kw name="Verify Page_Home Loaded" library="keywords_nonFunctionalTest">
<kw name="Wait Until Page Contains Element" library="SeleniumLibrary">
<arg>xpath://html/body/app-root/app-welcome/h1</arg>
<doc>Waits until the element ``locator`` appears on the current page.</doc>
<status status="PASS" starttime="20210426 14:04:49.216" endtime="20210426 14:04:49.219"/>
</kw>
<kw name="Page Should Contain" library="SeleniumLibrary">
<arg>Welcome to Petclinic</arg>
<doc>Verifies that current page contains ``text``.</doc>
<msg timestamp="20210426 14:04:49.223" level="INFO">Current page contains text 'Welcome to Petclinic'.</msg>
<status status="PASS" starttime="20210426 14:04:49.219" endtime="20210426 14:04:49.224"/>
</kw>
<status status="PASS" starttime="20210426 14:04:49.215" endtime="20210426 14:04:49.224"/>
</kw>
<kw name="Go to Web Page" library="keywords_nonFunctionalTest">
<kw name="Load Page" library="keywords_nonFunctionalTest">
<kw name="Go To" library="SeleniumLibrary">
<arg>${URL}</arg>
<doc>Navigates the current browser window to the provided ``url``.</doc>
<msg timestamp="20210426 14:04:49.224" level="INFO">Opening url 'http://localhost:4200/'</msg>
<status status="PASS" starttime="20210426 14:04:49.224" endtime="20210426 14:04:49.343"/>
</kw>
<status status="PASS" starttime="20210426 14:04:49.224" endtime="20210426 14:04:49.343"/>
</kw>
<kw name="Verify Page Loaded" library="keywords_nonFunctionalTest">
<kw name="Get Title" library="SeleniumLibrary">
<var>${LINK_TEXT}</var>
<doc>Returns the title of the current page.</doc>
<msg timestamp="20210426 14:04:49.346" level="INFO">${LINK_TEXT} = SpringPetclinicAngular</msg>
<status status="PASS" starttime="20210426 14:04:49.343" endtime="20210426 14:04:49.346"/>
</kw>
<kw name="Should Be Equal" library="BuiltIn">
<arg>${LINK_TEXT}</arg>
<arg>SpringPetclinicAngular</arg>
<doc>Fails if the given objects are unequal.</doc>
<status status="PASS" starttime="20210426 14:04:49.346" endtime="20210426 14:04:49.346"/>
</kw>
<kw name="Page Should Contain" library="SeleniumLibrary">
<arg>Welcome to Petclinic</arg>
<doc>Verifies that current page contains ``text``.</doc>
<msg timestamp="20210426 14:04:49.351" level="INFO">Current page contains text 'Welcome to Petclinic'.</msg>
<status status="PASS" starttime="20210426 14:04:49.346" endtime="20210426 14:04:49.352"/>
</kw>
<status status="PASS" starttime="20210426 14:04:49.343" endtime="20210426 14:04:49.352"/>
</kw>
<status status="PASS" starttime="20210426 14:04:49.224" endtime="20210426 14:04:49.352"/>
</kw>
<kw name="Click Element Menu" library="keywords_nonFunctionalTest">
<kw name="Click Element" library="SeleniumLibrary">
<arg>xpath://html/body/app-root/div[1]/nav/div/ul/li[2]/a</arg>
<doc>Click the element identified by ``locator``.</doc>
<msg timestamp="20210426 14:04:49.352" level="INFO">Clicking element 'xpath://html/body/app-root/div[1]/nav/div/ul/li[2]/a'.</msg>
<status status="PASS" starttime="20210426 14:04:49.352" endtime="20210426 14:04:49.375"/>
</kw>
<status status="PASS" starttime="20210426 14:04:49.352" endtime="20210426 14:04:49.375"/>
</kw>
<kw name="Click Element Menu_All" library="keywords_nonFunctionalTest">
<kw name="Click Element" library="SeleniumLibrary">
<arg>xpath://html/body/app-root/div[1]/nav/div/ul/li[2]/ul/li[1]/a</arg>
<doc>Click the element identified by ``locator``.</doc>
<msg timestamp="20210426 14:04:49.376" level="INFO">Clicking element 'xpath://html/body/app-root/div[1]/nav/div/ul/li[2]/ul/li[1]/a'.</msg>
<status status="PASS" starttime="20210426 14:04:49.376" endtime="20210426 14:04:49.404"/>
</kw>
<status status="PASS" starttime="20210426 14:04:49.376" endtime="20210426 14:04:49.404"/>
</kw>
<kw name="Verify Page_OwnerList Loaded" library="keywords_nonFunctionalTest">
<kw name="Wait Until Page Contains Element" library="SeleniumLibrary">
<arg>xpath://html/body/app-root/app-owner-list/div/div/h2</arg>
<doc>Waits until the element ``locator`` appears on the current page.</doc>
<status status="PASS" starttime="20210426 14:04:49.405" endtime="20210426 14:04:49.415"/>
</kw>
<kw name="Page Should Contain" library="SeleniumLibrary">
<arg>Owners</arg>
<doc>Verifies that current page contains ``text``.</doc>
<msg timestamp="20210426 14:04:49.421" level="INFO">Current page contains text 'Owners'.</msg>
<status status="PASS" starttime="20210426 14:04:49.415" endtime="20210426 14:04:49.421"/>
</kw>
<status status="PASS" starttime="20210426 14:04:49.404" endtime="20210426 14:04:49.421"/>
</kw>
<kw name="Click Element Menu_Home" library="keywords_nonFunctionalTest">
<kw name="Click Element" library="SeleniumLibrary">
<arg>xpath://html/body/app-root/div[1]/nav/div/ul/li[1]/a/span[2]</arg>
<doc>Click the element identified by ``locator``.</doc>
<msg timestamp="20210426 14:04:49.422" level="INFO">Clicking element 'xpath://html/body/app-root/div[1]/nav/div/ul/li[1]/a/span[2]'.</msg>
<status status="PASS" starttime="20210426 14:04:49.422" endtime="20210426 14:04:49.452"/>
</kw>
<status status="PASS" starttime="20210426 14:04:49.421" endtime="20210426 14:04:49.452"/>
</kw>
<kw name="Verify Page_Home Loaded" library="keywords_nonFunctionalTest">
<kw name="Wait Until Page Contains Element" library="SeleniumLibrary">
<arg>xpath://html/body/app-root/app-welcome/h1</arg>
<doc>Waits until the element ``locator`` appears on the current page.</doc>
<status status="PASS" starttime="20210426 14:04:49.453" endtime="20210426 14:04:49.458"/>
</kw>
<kw name="Page Should Contain" library="SeleniumLibrary">
<arg>Welcome to Petclinic</arg>
<doc>Verifies that current page contains ``text``.</doc>
<msg timestamp="20210426 14:04:49.463" level="INFO">Current page contains text 'Welcome to Petclinic'.</msg>
<status status="PASS" starttime="20210426 14:04:49.458" endtime="20210426 14:04:49.463"/>
</kw>
<status status="PASS" starttime="20210426 14:04:49.453" endtime="20210426 14:04:49.463"/>
</kw>
<kw name="Go to Web Page" library="keywords_nonFunctionalTest">
<kw name="Load Page" library="keywords_nonFunctionalTest">
<kw name="Go To" library="SeleniumLibrary">
<arg>${URL}</arg>
<doc>Navigates the current browser window to the provided ``url``.</doc>
<msg timestamp="20210426 14:04:49.464" level="INFO">Opening url 'http://localhost:4200/'</msg>
<status status="PASS" starttime="20210426 14:04:49.464" endtime="20210426 14:04:49.583"/>
</kw>
<status status="PASS" starttime="20210426 14:04:49.464" endtime="20210426 14:04:49.583"/>
</kw>
<kw name="Verify Page Loaded" library="keywords_nonFunctionalTest">
<kw name="Get Title" library="SeleniumLibrary">
<var>${LINK_TEXT}</var>
<doc>Returns the title of the current page.</doc>
<msg timestamp="20210426 14:04:49.584" level="INFO">${LINK_TEXT} = SpringPetclinicAngular</msg>
<status status="PASS" starttime="20210426 14:04:49.583" endtime="20210426 14:04:49.584"/>
</kw>
<kw name="Should Be Equal" library="BuiltIn">
<arg>${LINK_TEXT}</arg>
<arg>SpringPetclinicAngular</arg>
<doc>Fails if the given objects are unequal.</doc>
<status status="PASS" starttime="20210426 14:04:49.585" endtime="20210426 14:04:49.585"/>
</kw>
<kw name="Page Should Contain" library="SeleniumLibrary">
<arg>Welcome to Petclinic</arg>
<doc>Verifies that current page contains ``text``.</doc>
<msg timestamp="20210426 14:04:49.589" level="INFO">Current page contains text 'Welcome to Petclinic'.</msg>
<status status="PASS" starttime="20210426 14:04:49.585" endtime="20210426 14:04:49.589"/>
</kw>
<status status="PASS" starttime="20210426 14:04:49.583" endtime="20210426 14:04:49.590"/>
</kw>
<status status="PASS" starttime="20210426 14:04:49.463" endtime="20210426 14:04:49.590"/>
</kw>
<kw name="Click Element Menu" library="keywords_nonFunctionalTest">
<kw name="Click Element" library="SeleniumLibrary">
<arg>xpath://html/body/app-root/div[1]/nav/div/ul/li[2]/a</arg>
<doc>Click the element identified by ``locator``.</doc>
<msg timestamp="20210426 14:04:49.590" level="INFO">Clicking element 'xpath://html/body/app-root/div[1]/nav/div/ul/li[2]/a'.</msg>
<status status="PASS" starttime="20210426 14:04:49.590" endtime="20210426 14:04:49.613"/>
</kw>
<status status="PASS" starttime="20210426 14:04:49.590" endtime="20210426 14:04:49.613"/>
</kw>
<kw name="Click Element Menu_All" library="keywords_nonFunctionalTest">
<kw name="Click Element" library="SeleniumLibrary">
<arg>xpath://html/body/app-root/div[1]/nav/div/ul/li[2]/ul/li[1]/a</arg>
<doc>Click the element identified by ``locator``.</doc>
<msg timestamp="20210426 14:04:49.613" level="INFO">Clicking element 'xpath://html/body/app-root/div[1]/nav/div/ul/li[2]/ul/li[1]/a'.</msg>
<status status="PASS" starttime="20210426 14:04:49.613" endtime="20210426 14:04:49.640"/>
</kw>
<status status="PASS" starttime="20210426 14:04:49.613" endtime="20210426 14:04:49.641"/>
</kw>
<kw name="Verify Page_OwnerList Loaded" library="keywords_nonFunctionalTest">
<kw name="Wait Until Page Contains Element" library="SeleniumLibrary">
<arg>xpath://html/body/app-root/app-owner-list/div/div/h2</arg>
<doc>Waits until the element ``locator`` appears on the current page.</doc>
<status status="PASS" starttime="20210426 14:04:49.642" endtime="20210426 14:04:49.651"/>
</kw>
<kw name="Page Should Contain" library="SeleniumLibrary">
<arg>Owners</arg>
<doc>Verifies that current page contains ``text``.</doc>
<msg timestamp="20210426 14:04:49.657" level="INFO">Current page contains text 'Owners'.</msg>
<status status="PASS" starttime="20210426 14:04:49.651" endtime="20210426 14:04:49.657"/>
</kw>
<status status="PASS" starttime="20210426 14:04:49.642" endtime="20210426 14:04:49.657"/>
</kw>
<kw name="Click Element Menu_Home" library="keywords_nonFunctionalTest">
<kw name="Click Element" library="SeleniumLibrary">
<arg>xpath://html/body/app-root/div[1]/nav/div/ul/li[1]/a/span[2]</arg>
<doc>Click the element identified by ``locator``.</doc>
<msg timestamp="20210426 14:04:49.658" level="INFO">Clicking element 'xpath://html/body/app-root/div[1]/nav/div/ul/li[1]/a/span[2]'.</msg>
<status status="PASS" starttime="20210426 14:04:49.658" endtime="20210426 14:04:49.682"/>
</kw>
<status status="PASS" starttime="20210426 14:04:49.658" endtime="20210426 14:04:49.682"/>
</kw>
<kw name="Verify Page_Home Loaded" library="keywords_nonFunctionalTest">
<kw name="Wait Until Page Contains Element" library="SeleniumLibrary">
<arg>xpath://html/body/app-root/app-welcome/h1</arg>
<doc>Waits until the element ``locator`` appears on the current page.</doc>
<status status="PASS" starttime="20210426 14:04:49.683" endtime="20210426 14:04:49.687"/>
</kw>
<kw name="Page Should Contain" library="SeleniumLibrary">
<arg>Welcome to Petclinic</arg>
<doc>Verifies that current page contains ``text``.</doc>
<msg timestamp="20210426 14:04:49.691" level="INFO">Current page contains text 'Welcome to Petclinic'.</msg>
<status status="PASS" starttime="20210426 14:04:49.687" endtime="20210426 14:04:49.691"/>
</kw>
<status status="PASS" starttime="20210426 14:04:49.683" endtime="20210426 14:04:49.692"/>
</kw>
<kw name="End Web Test" library="keywords_nonFunctionalTest">
<kw name="Close Browser" library="SeleniumLibrary">
<doc>Closes the current browser.</doc>
<status status="PASS" starttime="20210426 14:04:49.692" endtime="20210426 14:04:52.700"/>
</kw>
<status status="PASS" starttime="20210426 14:04:49.692" endtime="20210426 14:04:52.701"/>
</kw>
<kw name="End Web Test" library="keywords_nonFunctionalTest" type="TEARDOWN">
<kw name="Close Browser" library="SeleniumLibrary">
<doc>Closes the current browser.</doc>
<status status="PASS" starttime="20210426 14:04:52.702" endtime="20210426 14:04:52.702"/>
</kw>
<status status="PASS" starttime="20210426 14:04:52.701" endtime="20210426 14:04:52.702"/>
</kw>
<doc>Website can handle multiple navigation requests from homepage to owner list.</doc>
<tag>TC_n1</tag>
<status status="PASS" starttime="20210426 14:04:47.688" endtime="20210426 14:04:52.702"/>
</test>
<test id="s1-t2" name="Check perfomance of the webpages menu navigation">
<kw name="Begin Web Test" library="keywords_nonFunctionalTest" type="SETUP">
<kw name="Open Browser" library="SeleniumLibrary">
<arg>about:blank</arg>
<arg>${BROWSER}</arg>
<doc>Opens a new browser instance to the optional ``url``.</doc>
<msg timestamp="20210426 14:04:52.704" level="INFO">Opening browser 'chrome' to base url 'about:blank'.</msg>
<status status="PASS" starttime="20210426 14:04:52.703" endtime="20210426 14:04:53.702"/>
</kw>
<kw name="Set Selenium Timeout" library="SeleniumLibrary">
<arg>10</arg>
<doc>Sets the timeout that is used by various keywords.</doc>
<status status="PASS" starttime="20210426 14:04:53.702" endtime="20210426 14:04:53.703"/>
</kw>
<status status="PASS" starttime="20210426 14:04:52.703" endtime="20210426 14:04:53.703"/>
</kw>
<kw name="Go to Web Page" library="keywords_nonFunctionalTest">
<kw name="Load Page" library="keywords_nonFunctionalTest">
<kw name="Go To" library="SeleniumLibrary">
<arg>${URL}</arg>
<doc>Navigates the current browser window to the provided ``url``.</doc>
<msg timestamp="20210426 14:04:53.703" level="INFO">Opening url 'http://localhost:4200/'</msg>
<status status="PASS" starttime="20210426 14:04:53.703" endtime="20210426 14:04:53.848"/>
</kw>
<status status="PASS" starttime="20210426 14:04:53.703" endtime="20210426 14:04:53.848"/>
</kw>
<kw name="Verify Page Loaded" library="keywords_nonFunctionalTest">
<kw name="Get Title" library="SeleniumLibrary">
<var>${LINK_TEXT}</var>
<doc>Returns the title of the current page.</doc>
<msg timestamp="20210426 14:04:53.852" level="INFO">${LINK_TEXT} = SpringPetclinicAngular</msg>
<status status="PASS" starttime="20210426 14:04:53.848" endtime="20210426 14:04:53.852"/>
</kw>
<kw name="Should Be Equal" library="BuiltIn">
<arg>${LINK_TEXT}</arg>
<arg>SpringPetclinicAngular</arg>
<doc>Fails if the given objects are unequal.</doc>
<status status="PASS" starttime="20210426 14:04:53.852" endtime="20210426 14:04:53.852"/>
</kw>
<kw name="Page Should Contain" library="SeleniumLibrary">
<arg>Welcome to Petclinic</arg>
<doc>Verifies that current page contains ``text``.</doc>
<msg timestamp="20210426 14:04:53.862" level="INFO">Current page contains text 'Welcome to Petclinic'.</msg>
<status status="PASS" starttime="20210426 14:04:53.852" endtime="20210426 14:04:53.862"/>
</kw>
<status status="PASS" starttime="20210426 14:04:53.848" endtime="20210426 14:04:53.862"/>
</kw>
<status status="PASS" starttime="20210426 14:04:53.703" endtime="20210426 14:04:53.862"/>
</kw>
<kw name="Click Element Menu_Veterinarians" library="keywords_nonFunctionalTest">
<kw name="Click Element" library="SeleniumLibrary">
<arg>xpath://html/body/app-root/div[1]/nav/div/ul/li[3]/a</arg>
<doc>Click the element identified by ``locator``.</doc>
<msg timestamp="20210426 14:04:53.863" level="INFO">Clicking element 'xpath://html/body/app-root/div[1]/nav/div/ul/li[3]/a'.</msg>
<status status="PASS" starttime="20210426 14:04:53.862" endtime="20210426 14:04:53.892"/>
</kw>
<status status="PASS" starttime="20210426 14:04:53.862" endtime="20210426 14:04:53.893"/>
</kw>
<kw name="Click Element Menu_Pet_Types" library="keywords_nonFunctionalTest">
<kw name="Click Element" library="SeleniumLibrary">
<arg>xpath://html/body/app-root/div[1]/nav/div/ul/li[4]/a/span[2]</arg>
<doc>Click the element identified by ``locator``.</doc>
<msg timestamp="20210426 14:04:53.893" level="INFO">Clicking element 'xpath://html/body/app-root/div[1]/nav/div/ul/li[4]/a/span[2]'.</msg>
<status status="PASS" starttime="20210426 14:04:53.893" endtime="20210426 14:04:53.925"/>
</kw>
<status status="PASS" starttime="20210426 14:04:53.893" endtime="20210426 14:04:53.926"/>
</kw>
<kw name="Verify Page_Pet_Types Loaded" library="keywords_nonFunctionalTest">
<kw name="Wait Until Page Contains Element" library="SeleniumLibrary">
<arg>xpath://html/body/app-root/app-pettype-list/div/div/h2</arg>
<doc>Waits until the element ``locator`` appears on the current page.</doc>
<status status="PASS" starttime="20210426 14:04:53.926" endtime="20210426 14:04:53.936"/>
</kw>
<kw name="Page Should Contain" library="SeleniumLibrary">
<arg>Pet Types</arg>
<doc>Verifies that current page contains ``text``.</doc>
<msg timestamp="20210426 14:04:53.945" level="INFO">Current page contains text 'Pet Types'.</msg>
<status status="PASS" starttime="20210426 14:04:53.937" endtime="20210426 14:04:53.945"/>
</kw>
<status status="PASS" starttime="20210426 14:04:53.926" endtime="20210426 14:04:53.945"/>
</kw>
<kw name="Click Element Menu_Specialties" library="keywords_nonFunctionalTest">
<kw name="Click Element" library="SeleniumLibrary">
<arg>xpath://html/body/app-root/div[1]/nav/div/ul/li[5]/a</arg>
<doc>Click the element identified by ``locator``.</doc>
<msg timestamp="20210426 14:04:53.946" level="INFO">Clicking element 'xpath://html/body/app-root/div[1]/nav/div/ul/li[5]/a'.</msg>
<status status="PASS" starttime="20210426 14:04:53.946" endtime="20210426 14:04:53.976"/>
</kw>
<status status="PASS" starttime="20210426 14:04:53.945" endtime="20210426 14:04:53.976"/>
</kw>
<kw name="Verify Page_Specialties Loaded" library="keywords_nonFunctionalTest">
<kw name="Wait Until Page Contains Element" library="SeleniumLibrary">
<arg>xpath://html/body/app-root/app-specialty-list/div/div/h2</arg>
<doc>Waits until the element ``locator`` appears on the current page.</doc>
<status status="PASS" starttime="20210426 14:04:53.977" endtime="20210426 14:04:53.985"/>
</kw>
<kw name="Page Should Contain" library="SeleniumLibrary">
<arg>Specialties</arg>
<doc>Verifies that current page contains ``text``.</doc>
<msg timestamp="20210426 14:04:53.994" level="INFO">Current page contains text 'Specialties'.</msg>
<status status="PASS" starttime="20210426 14:04:53.985" endtime="20210426 14:04:53.994"/>
</kw>
<status status="PASS" starttime="20210426 14:04:53.977" endtime="20210426 14:04:53.994"/>
</kw>
<kw name="Click Element Menu" library="keywords_nonFunctionalTest">
<kw name="Click Element" library="SeleniumLibrary">
<arg>xpath://html/body/app-root/div[1]/nav/div/ul/li[2]/a</arg>
<doc>Click the element identified by ``locator``.</doc>
<msg timestamp="20210426 14:04:53.995" level="INFO">Clicking element 'xpath://html/body/app-root/div[1]/nav/div/ul/li[2]/a'.</msg>
<status status="PASS" starttime="20210426 14:04:53.994" endtime="20210426 14:04:54.022"/>
</kw>
<status status="PASS" starttime="20210426 14:04:53.994" endtime="20210426 14:04:54.022"/>
</kw>
<kw name="Click Element Menu_All" library="keywords_nonFunctionalTest">
<kw name="Click Element" library="SeleniumLibrary">
<arg>xpath://html/body/app-root/div[1]/nav/div/ul/li[2]/ul/li[1]/a</arg>
<doc>Click the element identified by ``locator``.</doc>
<msg timestamp="20210426 14:04:54.022" level="INFO">Clicking element 'xpath://html/body/app-root/div[1]/nav/div/ul/li[2]/ul/li[1]/a'.</msg>
<status status="PASS" starttime="20210426 14:04:54.022" endtime="20210426 14:04:54.053"/>
</kw>
<status status="PASS" starttime="20210426 14:04:54.022" endtime="20210426 14:04:54.053"/>
</kw>
<kw name="Verify Page_OwnerList Loaded" library="keywords_nonFunctionalTest">
<kw name="Wait Until Page Contains Element" library="SeleniumLibrary">
<arg>xpath://html/body/app-root/app-owner-list/div/div/h2</arg>
<doc>Waits until the element ``locator`` appears on the current page.</doc>
<status status="PASS" starttime="20210426 14:04:54.054" endtime="20210426 14:04:54.068"/>
</kw>
<kw name="Page Should Contain" library="SeleniumLibrary">
<arg>Owners</arg>
<doc>Verifies that current page contains ``text``.</doc>
<msg timestamp="20210426 14:04:54.075" level="INFO">Current page contains text 'Owners'.</msg>
<status status="PASS" starttime="20210426 14:04:54.068" endtime="20210426 14:04:54.075"/>
</kw>
<status status="PASS" starttime="20210426 14:04:54.054" endtime="20210426 14:04:54.076"/>
</kw>
<kw name="Click Element Menu_Home" library="keywords_nonFunctionalTest">
<kw name="Click Element" library="SeleniumLibrary">
<arg>xpath://html/body/app-root/div[1]/nav/div/ul/li[1]/a/span[2]</arg>
<doc>Click the element identified by ``locator``.</doc>
<msg timestamp="20210426 14:04:54.076" level="INFO">Clicking element 'xpath://html/body/app-root/div[1]/nav/div/ul/li[1]/a/span[2]'.</msg>
<status status="PASS" starttime="20210426 14:04:54.076" endtime="20210426 14:04:54.104"/>
</kw>
<status status="PASS" starttime="20210426 14:04:54.076" endtime="20210426 14:04:54.105"/>
</kw>
<kw name="Verify Page_Home Loaded" library="keywords_nonFunctionalTest">
<kw name="Wait Until Page Contains Element" library="SeleniumLibrary">
<arg>xpath://html/body/app-root/app-welcome/h1</arg>
<doc>Waits until the element ``locator`` appears on the current page.</doc>
<status status="PASS" starttime="20210426 14:04:54.105" endtime="20210426 14:04:54.111"/>
</kw>
<kw name="Page Should Contain" library="SeleniumLibrary">
<arg>Welcome to Petclinic</arg>
<doc>Verifies that current page contains ``text``.</doc>
<msg timestamp="20210426 14:04:54.116" level="INFO">Current page contains text 'Welcome to Petclinic'.</msg>
<status status="PASS" starttime="20210426 14:04:54.111" endtime="20210426 14:04:54.116"/>
</kw>
<status status="PASS" starttime="20210426 14:04:54.105" endtime="20210426 14:04:54.116"/>
</kw>
<kw name="Go to Web Page" library="keywords_nonFunctionalTest">
<kw name="Load Page" library="keywords_nonFunctionalTest">
<kw name="Go To" library="SeleniumLibrary">
<arg>${URL}</arg>
<doc>Navigates the current browser window to the provided ``url``.</doc>
<msg timestamp="20210426 14:04:54.117" level="INFO">Opening url 'http://localhost:4200/'</msg>
<status status="PASS" starttime="20210426 14:04:54.117" endtime="20210426 14:04:54.237"/>
</kw>
<status status="PASS" starttime="20210426 14:04:54.116" endtime="20210426 14:04:54.237"/>
</kw>
<kw name="Verify Page Loaded" library="keywords_nonFunctionalTest">
<kw name="Get Title" library="SeleniumLibrary">
<var>${LINK_TEXT}</var>
<doc>Returns the title of the current page.</doc>
<msg timestamp="20210426 14:04:54.240" level="INFO">${LINK_TEXT} = SpringPetclinicAngular</msg>
<status status="PASS" starttime="20210426 14:04:54.237" endtime="20210426 14:04:54.240"/>
</kw>
<kw name="Should Be Equal" library="BuiltIn">
<arg>${LINK_TEXT}</arg>
<arg>SpringPetclinicAngular</arg>
<doc>Fails if the given objects are unequal.</doc>
<status status="PASS" starttime="20210426 14:04:54.240" endtime="20210426 14:04:54.240"/>
</kw>
<kw name="Page Should Contain" library="SeleniumLibrary">
<arg>Welcome to Petclinic</arg>
<doc>Verifies that current page contains ``text``.</doc>
<msg timestamp="20210426 14:04:54.245" level="INFO">Current page contains text 'Welcome to Petclinic'.</msg>
<status status="PASS" starttime="20210426 14:04:54.240" endtime="20210426 14:04:54.245"/>
</kw>
<status status="PASS" starttime="20210426 14:04:54.237" endtime="20210426 14:04:54.246"/>
</kw>
<status status="PASS" starttime="20210426 14:04:54.116" endtime="20210426 14:04:54.246"/>
</kw>
<kw name="Click Element Menu_Veterinarians" library="keywords_nonFunctionalTest">
<kw name="Click Element" library="SeleniumLibrary">
<arg>xpath://html/body/app-root/div[1]/nav/div/ul/li[3]/a</arg>
<doc>Click the element identified by ``locator``.</doc>
<msg timestamp="20210426 14:04:54.246" level="INFO">Clicking element 'xpath://html/body/app-root/div[1]/nav/div/ul/li[3]/a'.</msg>
<status status="PASS" starttime="20210426 14:04:54.246" endtime="20210426 14:04:54.269"/>
</kw>
<status status="PASS" starttime="20210426 14:04:54.246" endtime="20210426 14:04:54.270"/>
</kw>
<kw name="Click Element Menu_Pet_Types" library="keywords_nonFunctionalTest">
<kw name="Click Element" library="SeleniumLibrary">
<arg>xpath://html/body/app-root/div[1]/nav/div/ul/li[4]/a/span[2]</arg>
<doc>Click the element identified by ``locator``.</doc>
<msg timestamp="20210426 14:04:54.270" level="INFO">Clicking element 'xpath://html/body/app-root/div[1]/nav/div/ul/li[4]/a/span[2]'.</msg>
<status status="PASS" starttime="20210426 14:04:54.270" endtime="20210426 14:04:54.299"/>
</kw>
<status status="PASS" starttime="20210426 14:04:54.270" endtime="20210426 14:04:54.299"/>
</kw>
<kw name="Verify Page_Pet_Types Loaded" library="keywords_nonFunctionalTest">
<kw name="Wait Until Page Contains Element" library="SeleniumLibrary">
<arg>xpath://html/body/app-root/app-pettype-list/div/div/h2</arg>
<doc>Waits until the element ``locator`` appears on the current page.</doc>
<status status="PASS" starttime="20210426 14:04:54.300" endtime="20210426 14:04:54.306"/>
</kw>
<kw name="Page Should Contain" library="SeleniumLibrary">
<arg>Pet Types</arg>
<doc>Verifies that current page contains ``text``.</doc>
<msg timestamp="20210426 14:04:54.311" level="INFO">Current page contains text 'Pet Types'.</msg>
<status status="PASS" starttime="20210426 14:04:54.306" endtime="20210426 14:04:54.311"/>
</kw>
<status status="PASS" starttime="20210426 14:04:54.299" endtime="20210426 14:04:54.311"/>
</kw>
<kw name="Click Element Menu_Specialties" library="keywords_nonFunctionalTest">
<kw name="Click Element" library="SeleniumLibrary">
<arg>xpath://html/body/app-root/div[1]/nav/div/ul/li[5]/a</arg>
<doc>Click the element identified by ``locator``.</doc>
<msg timestamp="20210426 14:04:54.312" level="INFO">Clicking element 'xpath://html/body/app-root/div[1]/nav/div/ul/li[5]/a'.</msg>
<status status="PASS" starttime="20210426 14:04:54.312" endtime="20210426 14:04:54.338"/>
</kw>
<status status="PASS" starttime="20210426 14:04:54.312" endtime="20210426 14:04:54.338"/>
</kw>
<kw name="Verify Page_Specialties Loaded" library="keywords_nonFunctionalTest">
<kw name="Wait Until Page Contains Element" library="SeleniumLibrary">
<arg>xpath://html/body/app-root/app-specialty-list/div/div/h2</arg>
<doc>Waits until the element ``locator`` appears on the current page.</doc>
<status status="PASS" starttime="20210426 14:04:54.339" endtime="20210426 14:04:54.343"/>
</kw>
<kw name="Page Should Contain" library="SeleniumLibrary">
<arg>Specialties</arg>
<doc>Verifies that current page contains ``text``.</doc>
<msg timestamp="20210426 14:04:54.348" level="INFO">Current page contains text 'Specialties'.</msg>
<status status="PASS" starttime="20210426 14:04:54.343" endtime="20210426 14:04:54.348"/>
</kw>
<status status="PASS" starttime="20210426 14:04:54.338" endtime="20210426 14:04:54.348"/>
</kw>
<kw name="Click Element Menu" library="keywords_nonFunctionalTest">
<kw name="Click Element" library="SeleniumLibrary">
<arg>xpath://html/body/app-root/div[1]/nav/div/ul/li[2]/a</arg>
<doc>Click the element identified by ``locator``.</doc>
<msg timestamp="20210426 14:04:54.349" level="INFO">Clicking element 'xpath://html/body/app-root/div[1]/nav/div/ul/li[2]/a'.</msg>
<status status="PASS" starttime="20210426 14:04:54.348" endtime="20210426 14:04:54.370"/>
</kw>
<status status="PASS" starttime="20210426 14:04:54.348" endtime="20210426 14:04:54.370"/>
</kw>
<kw name="Click Element Menu_All" library="keywords_nonFunctionalTest">
<kw name="Click Element" library="SeleniumLibrary">
<arg>xpath://html/body/app-root/div[1]/nav/div/ul/li[2]/ul/li[1]/a</arg>
<doc>Click the element identified by ``locator``.</doc>
<msg timestamp="20210426 14:04:54.371" level="INFO">Clicking element 'xpath://html/body/app-root/div[1]/nav/div/ul/li[2]/ul/li[1]/a'.</msg>
<status status="PASS" starttime="20210426 14:04:54.370" endtime="20210426 14:04:54.398"/>
</kw>
<status status="PASS" starttime="20210426 14:04:54.370" endtime="20210426 14:04:54.398"/>
</kw>
<kw name="Verify Page_OwnerList Loaded" library="keywords_nonFunctionalTest">
<kw name="Wait Until Page Contains Element" library="SeleniumLibrary">
<arg>xpath://html/body/app-root/app-owner-list/div/div/h2</arg>
<doc>Waits until the element ``locator`` appears on the current page.</doc>
<status status="PASS" starttime="20210426 14:04:54.398" endtime="20210426 14:04:54.406"/>
</kw>
<kw name="Page Should Contain" library="SeleniumLibrary">
<arg>Owners</arg>
<doc>Verifies that current page contains ``text``.</doc>
<msg timestamp="20210426 14:04:54.412" level="INFO">Current page contains text 'Owners'.</msg>
<status status="PASS" starttime="20210426 14:04:54.406" endtime="20210426 14:04:54.412"/>
</kw>
<status status="PASS" starttime="20210426 14:04:54.398" endtime="20210426 14:04:54.412"/>
</kw>
<kw name="Click Element Menu_Home" library="keywords_nonFunctionalTest">
<kw name="Click Element" library="SeleniumLibrary">
<arg>xpath://html/body/app-root/div[1]/nav/div/ul/li[1]/a/span[2]</arg>
<doc>Click the element identified by ``locator``.</doc>
<msg timestamp="20210426 14:04:54.412" level="INFO">Clicking element 'xpath://html/body/app-root/div[1]/nav/div/ul/li[1]/a/span[2]'.</msg>
<status status="PASS" starttime="20210426 14:04:54.412" endtime="20210426 14:04:54.436"/>
</kw>
<status status="PASS" starttime="20210426 14:04:54.412" endtime="20210426 14:04:54.437"/>
</kw>
<kw name="Verify Page_Home Loaded" library="keywords_nonFunctionalTest">
<kw name="Wait Until Page Contains Element" library="SeleniumLibrary">
<arg>xpath://html/body/app-root/app-welcome/h1</arg>
<doc>Waits until the element ``locator`` appears on the current page.</doc>
<status status="PASS" starttime="20210426 14:04:54.437" endtime="20210426 14:04:54.441"/>
</kw>
<kw name="Page Should Contain" library="SeleniumLibrary">
<arg>Welcome to Petclinic</arg>
<doc>Verifies that current page contains ``text``.</doc>
<msg timestamp="20210426 14:04:54.446" level="INFO">Current page contains text 'Welcome to Petclinic'.</msg>
<status status="PASS" starttime="20210426 14:04:54.441" endtime="20210426 14:04:54.446"/>
</kw>
<status status="PASS" starttime="20210426 14:04:54.437" endtime="20210426 14:04:54.446"/>
</kw>
<kw name="Go to Web Page" library="keywords_nonFunctionalTest">
<kw name="Load Page" library="keywords_nonFunctionalTest">
<kw name="Go To" library="SeleniumLibrary">
<arg>${URL}</arg>
<doc>Navigates the current browser window to the provided ``url``.</doc>
<msg timestamp="20210426 14:04:54.447" level="INFO">Opening url 'http://localhost:4200/'</msg>
<status status="PASS" starttime="20210426 14:04:54.447" endtime="20210426 14:04:54.567"/>
</kw>
<status status="PASS" starttime="20210426 14:04:54.447" endtime="20210426 14:04:54.567"/>
</kw>
<kw name="Verify Page Loaded" library="keywords_nonFunctionalTest">
<kw name="Get Title" library="SeleniumLibrary">
<var>${LINK_TEXT}</var>
<doc>Returns the title of the current page.</doc>
<msg timestamp="20210426 14:04:54.570" level="INFO">${LINK_TEXT} = SpringPetclinicAngular</msg>
<status status="PASS" starttime="20210426 14:04:54.568" endtime="20210426 14:04:54.570"/>
</kw>
<kw name="Should Be Equal" library="BuiltIn">
<arg>${LINK_TEXT}</arg>
<arg>SpringPetclinicAngular</arg>
<doc>Fails if the given objects are unequal.</doc>
<status status="PASS" starttime="20210426 14:04:54.570" endtime="20210426 14:04:54.570"/>
</kw>
<kw name="Page Should Contain" library="SeleniumLibrary">
<arg>Welcome to Petclinic</arg>
<doc>Verifies that current page contains ``text``.</doc>
<msg timestamp="20210426 14:04:54.575" level="INFO">Current page contains text 'Welcome to Petclinic'.</msg>
<status status="PASS" starttime="20210426 14:04:54.570" endtime="20210426 14:04:54.575"/>
</kw>
<status status="PASS" starttime="20210426 14:04:54.568" endtime="20210426 14:04:54.575"/>
</kw>
<status status="PASS" starttime="20210426 14:04:54.446" endtime="20210426 14:04:54.575"/>
</kw>
<kw name="Click Element Menu_Veterinarians" library="keywords_nonFunctionalTest">
<kw name="Click Element" library="SeleniumLibrary">
<arg>xpath://html/body/app-root/div[1]/nav/div/ul/li[3]/a</arg>
<doc>Click the element identified by ``locator``.</doc>
<msg timestamp="20210426 14:04:54.576" level="INFO">Clicking element 'xpath://html/body/app-root/div[1]/nav/div/ul/li[3]/a'.</msg>
<status status="PASS" starttime="20210426 14:04:54.576" endtime="20210426 14:04:54.599"/>
</kw>
<status status="PASS" starttime="20210426 14:04:54.576" endtime="20210426 14:04:54.599"/>
</kw>
<kw name="Click Element Menu_Pet_Types" library="keywords_nonFunctionalTest">
<kw name="Click Element" library="SeleniumLibrary">
<arg>xpath://html/body/app-root/div[1]/nav/div/ul/li[4]/a/span[2]</arg>
<doc>Click the element identified by ``locator``.</doc>
<msg timestamp="20210426 14:04:54.600" level="INFO">Clicking element 'xpath://html/body/app-root/div[1]/nav/div/ul/li[4]/a/span[2]'.</msg>
<status status="PASS" starttime="20210426 14:04:54.600" endtime="20210426 14:04:54.628"/>
</kw>
<status status="PASS" starttime="20210426 14:04:54.599" endtime="20210426 14:04:54.628"/>
</kw>
<kw name="Verify Page_Pet_Types Loaded" library="keywords_nonFunctionalTest">
<kw name="Wait Until Page Contains Element" library="SeleniumLibrary">
<arg>xpath://html/body/app-root/app-pettype-list/div/div/h2</arg>
<doc>Waits until the element ``locator`` appears on the current page.</doc>
<status status="PASS" starttime="20210426 14:04:54.628" endtime="20210426 14:04:54.635"/>
</kw>
<kw name="Page Should Contain" library="SeleniumLibrary">
<arg>Pet Types</arg>
<doc>Verifies that current page contains ``text``.</doc>
<msg timestamp="20210426 14:04:54.640" level="INFO">Current page contains text 'Pet Types'.</msg>
<status status="PASS" starttime="20210426 14:04:54.635" endtime="20210426 14:04:54.640"/>
</kw>
<status status="PASS" starttime="20210426 14:04:54.628" endtime="20210426 14:04:54.640"/>
</kw>
<kw name="Click Element Menu_Specialties" library="keywords_nonFunctionalTest">
<kw name="Click Element" library="SeleniumLibrary">
<arg>xpath://html/body/app-root/div[1]/nav/div/ul/li[5]/a</arg>
<doc>Click the element identified by ``locator``.</doc>
<msg timestamp="20210426 14:04:54.641" level="INFO">Clicking element 'xpath://html/body/app-root/div[1]/nav/div/ul/li[5]/a'.</msg>
<status status="PASS" starttime="20210426 14:04:54.640" endtime="20210426 14:04:54.668"/>
</kw>
<status status="PASS" starttime="20210426 14:04:54.640" endtime="20210426 14:04:54.668"/>
</kw>
<kw name="Verify Page_Specialties Loaded" library="keywords_nonFunctionalTest">
<kw name="Wait Until Page Contains Element" library="SeleniumLibrary">
<arg>xpath://html/body/app-root/app-specialty-list/div/div/h2</arg>
<doc>Waits until the element ``locator`` appears on the current page.</doc>
<status status="PASS" starttime="20210426 14:04:54.669" endtime="20210426 14:04:54.675"/>
</kw>
<kw name="Page Should Contain" library="SeleniumLibrary">
<arg>Specialties</arg>
<doc>Verifies that current page contains ``text``.</doc>
<msg timestamp="20210426 14:04:54.680" level="INFO">Current page contains text 'Specialties'.</msg>
<status status="PASS" starttime="20210426 14:04:54.675" endtime="20210426 14:04:54.680"/>
</kw>
<status status="PASS" starttime="20210426 14:04:54.668" endtime="20210426 14:04:54.680"/>
</kw>
<kw name="Click Element Menu" library="keywords_nonFunctionalTest">
<kw name="Click Element" library="SeleniumLibrary">
<arg>xpath://html/body/app-root/div[1]/nav/div/ul/li[2]/a</arg>
<doc>Click the element identified by ``locator``.</doc>
<msg timestamp="20210426 14:04:54.681" level="INFO">Clicking element 'xpath://html/body/app-root/div[1]/nav/div/ul/li[2]/a'.</msg>
<status status="PASS" starttime="20210426 14:04:54.681" endtime="20210426 14:04:54.704"/>
</kw>
<status status="PASS" starttime="20210426 14:04:54.681" endtime="20210426 14:04:54.704"/>
</kw>
<kw name="Click Element Menu_All" library="keywords_nonFunctionalTest">
<kw name="Click Element" library="SeleniumLibrary">
<arg>xpath://html/body/app-root/div[1]/nav/div/ul/li[2]/ul/li[1]/a</arg>
<doc>Click the element identified by ``locator``.</doc>
<msg timestamp="20210426 14:04:54.705" level="INFO">Clicking element 'xpath://html/body/app-root/div[1]/nav/div/ul/li[2]/ul/li[1]/a'.</msg>
<status status="PASS" starttime="20210426 14:04:54.705" endtime="20210426 14:04:54.732"/>
</kw>
<status status="PASS" starttime="20210426 14:04:54.704" endtime="20210426 14:04:54.732"/>
</kw>
<kw name="Verify Page_OwnerList Loaded" library="keywords_nonFunctionalTest">
<kw name="Wait Until Page Contains Element" library="SeleniumLibrary">
<arg>xpath://html/body/app-root/app-owner-list/div/div/h2</arg>
<doc>Waits until the element ``locator`` appears on the current page.</doc>
<status status="PASS" starttime="20210426 14:04:54.732" endtime="20210426 14:04:54.740"/>
</kw>
<kw name="Page Should Contain" library="SeleniumLibrary">
<arg>Owners</arg>
<doc>Verifies that current page contains ``text``.</doc>
<msg timestamp="20210426 14:04:54.745" level="INFO">Current page contains text 'Owners'.</msg>
<status status="PASS" starttime="20210426 14:04:54.741" endtime="20210426 14:04:54.745"/>
</kw>
<status status="PASS" starttime="20210426 14:04:54.732" endtime="20210426 14:04:54.746"/>
</kw>
<kw name="Click Element Menu_Home" library="keywords_nonFunctionalTest">
<kw name="Click Element" library="SeleniumLibrary">
<arg>xpath://html/body/app-root/div[1]/nav/div/ul/li[1]/a/span[2]</arg>
<doc>Click the element identified by ``locator``.</doc>
<msg timestamp="20210426 14:04:54.747" level="INFO">Clicking element 'xpath://html/body/app-root/div[1]/nav/div/ul/li[1]/a/span[2]'.</msg>
<status status="PASS" starttime="20210426 14:04:54.746" endtime="20210426 14:04:54.774"/>
</kw>
<status status="PASS" starttime="20210426 14:04:54.746" endtime="20210426 14:04:54.774"/>
</kw>
<kw name="Verify Page_Home Loaded" library="keywords_nonFunctionalTest">
<kw name="Wait Until Page Contains Element" library="SeleniumLibrary">
<arg>xpath://html/body/app-root/app-welcome/h1</arg>
<doc>Waits until the element ``locator`` appears on the current page.</doc>
<status status="PASS" starttime="20210426 14:04:54.774" endtime="20210426 14:04:54.779"/>
</kw>
<kw name="Page Should Contain" library="SeleniumLibrary">
<arg>Welcome to Petclinic</arg>
<doc>Verifies that current page contains ``text``.</doc>
<msg timestamp="20210426 14:04:54.784" level="INFO">Current page contains text 'Welcome to Petclinic'.</msg>
<status status="PASS" starttime="20210426 14:04:54.779" endtime="20210426 14:04:54.784"/>
</kw>
<status status="PASS" starttime="20210426 14:04:54.774" endtime="20210426 14:04:54.784"/>
</kw>
<kw name="Go to Web Page" library="keywords_nonFunctionalTest">
<kw name="Load Page" library="keywords_nonFunctionalTest">
<kw name="Go To" library="SeleniumLibrary">
<arg>${URL}</arg>
<doc>Navigates the current browser window to the provided ``url``.</doc>
<msg timestamp="20210426 14:04:54.785" level="INFO">Opening url 'http://localhost:4200/'</msg>
<status status="PASS" starttime="20210426 14:04:54.784" endtime="20210426 14:04:54.902"/>
</kw>
<status status="PASS" starttime="20210426 14:04:54.784" endtime="20210426 14:04:54.903"/>
</kw>
<kw name="Verify Page Loaded" library="keywords_nonFunctionalTest">
<kw name="Get Title" library="SeleniumLibrary">
<var>${LINK_TEXT}</var>
<doc>Returns the title of the current page.</doc>
<msg timestamp="20210426 14:04:54.906" level="INFO">${LINK_TEXT} = SpringPetclinicAngular</msg>
<status status="PASS" starttime="20210426 14:04:54.903" endtime="20210426 14:04:54.906"/>
</kw>
<kw name="Should Be Equal" library="BuiltIn">
<arg>${LINK_TEXT}</arg>
<arg>SpringPetclinicAngular</arg>
<doc>Fails if the given objects are unequal.</doc>
<status status="PASS" starttime="20210426 14:04:54.906" endtime="20210426 14:04:54.906"/>
</kw>
<kw name="Page Should Contain" library="SeleniumLibrary">
<arg>Welcome to Petclinic</arg>
<doc>Verifies that current page contains ``text``.</doc>
<msg timestamp="20210426 14:04:54.911" level="INFO">Current page contains text 'Welcome to Petclinic'.</msg>
<status status="PASS" starttime="20210426 14:04:54.906" endtime="20210426 14:04:54.911"/>
</kw>
<status status="PASS" starttime="20210426 14:04:54.903" endtime="20210426 14:04:54.911"/>
</kw>
<status status="PASS" starttime="20210426 14:04:54.784" endtime="20210426 14:04:54.911"/>
</kw>
<kw name="Click Element Menu_Veterinarians" library="keywords_nonFunctionalTest">
<kw name="Click Element" library="SeleniumLibrary">
<arg>xpath://html/body/app-root/div[1]/nav/div/ul/li[3]/a</arg>
<doc>Click the element identified by ``locator``.</doc>
<msg timestamp="20210426 14:04:54.911" level="INFO">Clicking element 'xpath://html/body/app-root/div[1]/nav/div/ul/li[3]/a'.</msg>
<status status="PASS" starttime="20210426 14:04:54.911" endtime="20210426 14:04:54.935"/>
</kw>
<status status="PASS" starttime="20210426 14:04:54.911" endtime="20210426 14:04:54.935"/>
</kw>
<kw name="Click Element Menu_Pet_Types" library="keywords_nonFunctionalTest">
<kw name="Click Element" library="SeleniumLibrary">
<arg>xpath://html/body/app-root/div[1]/nav/div/ul/li[4]/a/span[2]</arg>
<doc>Click the element identified by ``locator``.</doc>
<msg timestamp="20210426 14:04:54.936" level="INFO">Clicking element 'xpath://html/body/app-root/div[1]/nav/div/ul/li[4]/a/span[2]'.</msg>
<status status="PASS" starttime="20210426 14:04:54.936" endtime="20210426 14:04:54.966"/>
</kw>
<status status="PASS" starttime="20210426 14:04:54.936" endtime="20210426 14:04:54.966"/>
</kw>
<kw name="Verify Page_Pet_Types Loaded" library="keywords_nonFunctionalTest">
<kw name="Wait Until Page Contains Element" library="SeleniumLibrary">
<arg>xpath://html/body/app-root/app-pettype-list/div/div/h2</arg>
<doc>Waits until the element ``locator`` appears on the current page.</doc>
<status status="PASS" starttime="20210426 14:04:54.967" endtime="20210426 14:04:54.973"/>
</kw>
<kw name="Page Should Contain" library="SeleniumLibrary">
<arg>Pet Types</arg>
<doc>Verifies that current page contains ``text``.</doc>
<msg timestamp="20210426 14:04:54.979" level="INFO">Current page contains text 'Pet Types'.</msg>
<status status="PASS" starttime="20210426 14:04:54.973" endtime="20210426 14:04:54.979"/>
</kw>
<status status="PASS" starttime="20210426 14:04:54.967" endtime="20210426 14:04:54.979"/>
</kw>
<kw name="Click Element Menu_Specialties" library="keywords_nonFunctionalTest">
<kw name="Click Element" library="SeleniumLibrary">
<arg>xpath://html/body/app-root/div[1]/nav/div/ul/li[5]/a</arg>
<doc>Click the element identified by ``locator``.</doc>
<msg timestamp="20210426 14:04:54.979" level="INFO">Clicking element 'xpath://html/body/app-root/div[1]/nav/div/ul/li[5]/a'.</msg>
<status status="PASS" starttime="20210426 14:04:54.979" endtime="20210426 14:04:55.007"/>
</kw>
<status status="PASS" starttime="20210426 14:04:54.979" endtime="20210426 14:04:55.007"/>
</kw>
<kw name="Verify Page_Specialties Loaded" library="keywords_nonFunctionalTest">
<kw name="Wait Until Page Contains Element" library="SeleniumLibrary">
<arg>xpath://html/body/app-root/app-specialty-list/div/div/h2</arg>
<doc>Waits until the element ``locator`` appears on the current page.</doc>
<status status="PASS" starttime="20210426 14:04:55.007" endtime="20210426 14:04:55.013"/>
</kw>
<kw name="Page Should Contain" library="SeleniumLibrary">
<arg>Specialties</arg>
<doc>Verifies that current page contains ``text``.</doc>
<msg timestamp="20210426 14:04:55.018" level="INFO">Current page contains text 'Specialties'.</msg>
<status status="PASS" starttime="20210426 14:04:55.013" endtime="20210426 14:04:55.018"/>
</kw>
<status status="PASS" starttime="20210426 14:04:55.007" endtime="20210426 14:04:55.018"/>
</kw>
<kw name="Click Element Menu" library="keywords_nonFunctionalTest">
<kw name="Click Element" library="SeleniumLibrary">
<arg>xpath://html/body/app-root/div[1]/nav/div/ul/li[2]/a</arg>
<doc>Click the element identified by ``locator``.</doc>
<msg timestamp="20210426 14:04:55.019" level="INFO">Clicking element 'xpath://html/body/app-root/div[1]/nav/div/ul/li[2]/a'.</msg>
<status status="PASS" starttime="20210426 14:04:55.018" endtime="20210426 14:04:55.041"/>
</kw>
<status status="PASS" starttime="20210426 14:04:55.018" endtime="20210426 14:04:55.041"/>
</kw>
<kw name="Click Element Menu_All" library="keywords_nonFunctionalTest">
<kw name="Click Element" library="SeleniumLibrary">
<arg>xpath://html/body/app-root/div[1]/nav/div/ul/li[2]/ul/li[1]/a</arg>
<doc>Click the element identified by ``locator``.</doc>
<msg timestamp="20210426 14:04:55.042" level="INFO">Clicking element 'xpath://html/body/app-root/div[1]/nav/div/ul/li[2]/ul/li[1]/a'.</msg>
<status status="PASS" starttime="20210426 14:04:55.042" endtime="20210426 14:04:55.068"/>
</kw>
<status status="PASS" starttime="20210426 14:04:55.041" endtime="20210426 14:04:55.068"/>
</kw>
<kw name="Verify Page_OwnerList Loaded" library="keywords_nonFunctionalTest">
<kw name="Wait Until Page Contains Element" library="SeleniumLibrary">
<arg>xpath://html/body/app-root/app-owner-list/div/div/h2</arg>
<doc>Waits until the element ``locator`` appears on the current page.</doc>
<status status="PASS" starttime="20210426 14:04:55.069" endtime="20210426 14:04:55.078"/>
</kw>
<kw name="Page Should Contain" library="SeleniumLibrary">
<arg>Owners</arg>
<doc>Verifies that current page contains ``text``.</doc>
<msg timestamp="20210426 14:04:55.085" level="INFO">Current page contains text 'Owners'.</msg>
<status status="PASS" starttime="20210426 14:04:55.079" endtime="20210426 14:04:55.085"/>
</kw>
<status status="PASS" starttime="20210426 14:04:55.068" endtime="20210426 14:04:55.085"/>
</kw>
<kw name="Click Element Menu_Home" library="keywords_nonFunctionalTest">
<kw name="Click Element" library="SeleniumLibrary">
<arg>xpath://html/body/app-root/div[1]/nav/div/ul/li[1]/a/span[2]</arg>
<doc>Click the element identified by ``locator``.</doc>
<msg timestamp="20210426 14:04:55.086" level="INFO">Clicking element 'xpath://html/body/app-root/div[1]/nav/div/ul/li[1]/a/span[2]'.</msg>
<status status="PASS" starttime="20210426 14:04:55.086" endtime="20210426 14:04:55.111"/>
</kw>
<status status="PASS" starttime="20210426 14:04:55.086" endtime="20210426 14:04:55.111"/>
</kw>
<kw name="Verify Page_Home Loaded" library="keywords_nonFunctionalTest">
<kw name="Wait Until Page Contains Element" library="SeleniumLibrary">
<arg>xpath://html/body/app-root/app-welcome/h1</arg>
<doc>Waits until the element ``locator`` appears on the current page.</doc>
<status status="PASS" starttime="20210426 14:04:55.112" endtime="20210426 14:04:55.116"/>
</kw>
<kw name="Page Should Contain" library="SeleniumLibrary">
<arg>Welcome to Petclinic</arg>
<doc>Verifies that current page contains ``text``.</doc>
<msg timestamp="20210426 14:04:55.121" level="INFO">Current page contains text 'Welcome to Petclinic'.</msg>
<status status="PASS" starttime="20210426 14:04:55.116" endtime="20210426 14:04:55.121"/>
</kw>
<status status="PASS" starttime="20210426 14:04:55.111" endtime="20210426 14:04:55.121"/>
</kw>
<kw name="End Web Test" library="keywords_nonFunctionalTest" type="TEARDOWN">
<kw name="Close Browser" library="SeleniumLibrary">
<doc>Closes the current browser.</doc>
<status status="PASS" starttime="20210426 14:04:55.121" endtime="20210426 14:04:57.194"/>
</kw>
<status status="PASS" starttime="20210426 14:04:55.121" endtime="20210426 14:04:57.194"/>
</kw>
<doc>Website can handle multiple menu requests from menu.</doc>
<tag>TC_n2</tag>
<status status="PASS" starttime="20210426 14:04:52.703" endtime="20210426 14:04:57.194"/>
</test>
<test id="s1-t3" name="Check owner page's button functionalities">
<kw name="Begin Web Test" library="keywords_nonFunctionalTest" type="SETUP">
<kw name="Open Browser" library="SeleniumLibrary">
<arg>about:blank</arg>
<arg>${BROWSER}</arg>
<doc>Opens a new browser instance to the optional ``url``.</doc>
<msg timestamp="20210426 14:04:57.196" level="INFO">Opening browser 'chrome' to base url 'about:blank'.</msg>
<status status="PASS" starttime="20210426 14:04:57.195" endtime="20210426 14:04:58.193"/>
</kw>
<kw name="Set Selenium Timeout" library="SeleniumLibrary">
<arg>10</arg>
<doc>Sets the timeout that is used by various keywords.</doc>
<status status="PASS" starttime="20210426 14:04:58.193" endtime="20210426 14:04:58.194"/>
</kw>
<status status="PASS" starttime="20210426 14:04:57.195" endtime="20210426 14:04:58.194"/>
</kw>
<kw name="Go to Web Page" library="keywords_nonFunctionalTest">
<kw name="Load Page" library="keywords_nonFunctionalTest">
<kw name="Go To" library="SeleniumLibrary">
<arg>${URL}</arg>
<doc>Navigates the current browser window to the provided ``url``.</doc>
<msg timestamp="20210426 14:04:58.195" level="INFO">Opening url 'http://localhost:4200/'</msg>
<status status="PASS" starttime="20210426 14:04:58.195" endtime="20210426 14:04:58.343"/>
</kw>
<status status="PASS" starttime="20210426 14:04:58.194" endtime="20210426 14:04:58.343"/>
</kw>
<kw name="Verify Page Loaded" library="keywords_nonFunctionalTest">
<kw name="Get Title" library="SeleniumLibrary">
<var>${LINK_TEXT}</var>
<doc>Returns the title of the current page.</doc>
<msg timestamp="20210426 14:04:58.346" level="INFO">${LINK_TEXT} = SpringPetclinicAngular</msg>
<status status="PASS" starttime="20210426 14:04:58.343" endtime="20210426 14:04:58.346"/>
</kw>
<kw name="Should Be Equal" library="BuiltIn">
<arg>${LINK_TEXT}</arg>
<arg>SpringPetclinicAngular</arg>
<doc>Fails if the given objects are unequal.</doc>
<status status="PASS" starttime="20210426 14:04:58.346" endtime="20210426 14:04:58.346"/>
</kw>
<kw name="Page Should Contain" library="SeleniumLibrary">
<arg>Welcome to Petclinic</arg>
<doc>Verifies that current page contains ``text``.</doc>
<msg timestamp="20210426 14:04:58.355" level="INFO">Current page contains text 'Welcome to Petclinic'.</msg>
<status status="PASS" starttime="20210426 14:04:58.346" endtime="20210426 14:04:58.355"/>
</kw>
<status status="PASS" starttime="20210426 14:04:58.343" endtime="20210426 14:04:58.355"/>
</kw>
<status status="PASS" starttime="20210426 14:04:58.194" endtime="20210426 14:04:58.355"/>
</kw>
<kw name="Click Element Menu" library="keywords_nonFunctionalTest">
<kw name="Click Element" library="SeleniumLibrary">
<arg>xpath://html/body/app-root/div[1]/nav/div/ul/li[2]/a</arg>
<doc>Click the element identified by ``locator``.</doc>
<msg timestamp="20210426 14:04:58.356" level="INFO">Clicking element 'xpath://html/body/app-root/div[1]/nav/div/ul/li[2]/a'.</msg>
<status status="PASS" starttime="20210426 14:04:58.356" endtime="20210426 14:04:58.383"/>
</kw>
<status status="PASS" starttime="20210426 14:04:58.355" endtime="20210426 14:04:58.383"/>
</kw>
<kw name="Click Element Menu_All" library="keywords_nonFunctionalTest">
<kw name="Click Element" library="SeleniumLibrary">
<arg>xpath://html/body/app-root/div[1]/nav/div/ul/li[2]/ul/li[1]/a</arg>
<doc>Click the element identified by ``locator``.</doc>
<msg timestamp="20210426 14:04:58.384" level="INFO">Clicking element 'xpath://html/body/app-root/div[1]/nav/div/ul/li[2]/ul/li[1]/a'.</msg>
<status status="PASS" starttime="20210426 14:04:58.384" endtime="20210426 14:04:58.417"/>
</kw>
<status status="PASS" starttime="20210426 14:04:58.383" endtime="20210426 14:04:58.418"/>
</kw>
<kw name="Verify Page_OwnerList Loaded" library="keywords_nonFunctionalTest">
<kw name="Wait Until Page Contains Element" library="SeleniumLibrary">
<arg>xpath://html/body/app-root/app-owner-list/div/div/h2</arg>
<doc>Waits until the element ``locator`` appears on the current page.</doc>
<status status="PASS" starttime="20210426 14:04:58.418" endtime="20210426 14:04:58.431"/>
</kw>
<kw name="Page Should Contain" library="SeleniumLibrary">
<arg>Owners</arg>
<doc>Verifies that current page contains ``text``.</doc>
<msg timestamp="20210426 14:04:58.438" level="INFO">Current page contains text 'Owners'.</msg>
<status status="PASS" starttime="20210426 14:04:58.431" endtime="20210426 14:04:58.438"/>
</kw>
<status status="PASS" starttime="20210426 14:04:58.418" endtime="20210426 14:04:58.438"/>
</kw>
<kw name="Click Element Owner_AddOwner" library="keywords_nonFunctionalTest">
<kw name="Click Element" library="SeleniumLibrary">
<arg>xpath://html/body/app-root/app-owner-list/div/div/div/div/button</arg>
<doc>Click the element identified by ``locator``.</doc>
<msg timestamp="20210426 14:04:58.439" level="INFO">Clicking element 'xpath://html/body/app-root/app-owner-list/div/div/div/div/button'.</msg>
<status status="PASS" starttime="20210426 14:04:58.439" endtime="20210426 14:04:58.474"/>
</kw>
<status status="PASS" starttime="20210426 14:04:58.438" endtime="20210426 14:04:58.474"/>
</kw>
<kw name="Verify Page_NewOwner" library="keywords_nonFunctionalTest">
<kw name="Wait Until Page Contains Element" library="SeleniumLibrary">
<arg>xpath://html/body/app-root/app-owner-add/div/div/h2</arg>
<doc>Waits until the element ``locator`` appears on the current page.</doc>
<status status="PASS" starttime="20210426 14:04:58.475" endtime="20210426 14:04:58.482"/>
</kw>
<kw name="Page Should Contain" library="SeleniumLibrary">
<arg>New Owner</arg>
<doc>Verifies that current page contains ``text``.</doc>
<msg timestamp="20210426 14:04:58.489" level="INFO">Current page contains text 'New Owner'.</msg>
<status status="PASS" starttime="20210426 14:04:58.482" endtime="20210426 14:04:58.489"/>
</kw>
<status status="PASS" starttime="20210426 14:04:58.474" endtime="20210426 14:04:58.489"/>
</kw>
<kw name="Click Element Owner_Back" library="keywords_nonFunctionalTest">
<kw name="Click Element" library="SeleniumLibrary">
<arg>xpath://html/body/app-root/app-owner-add/div/div/form/div[7]/div/button[1]</arg>
<doc>Click the element identified by ``locator``.</doc>
<msg timestamp="20210426 14:04:58.490" level="INFO">Clicking element 'xpath://html/body/app-root/app-owner-add/div/div/form/div[7]/div/button[1]'.</msg>
<status status="PASS" starttime="20210426 14:04:58.490" endtime="20210426 14:04:58.516"/>
</kw>
<status status="PASS" starttime="20210426 14:04:58.489" endtime="20210426 14:04:58.516"/>
</kw>
<kw name="Verify Page_OwnerList Loaded" library="keywords_nonFunctionalTest">
<kw name="Wait Until Page Contains Element" library="SeleniumLibrary">
<arg>xpath://html/body/app-root/app-owner-list/div/div/h2</arg>
<doc>Waits until the element ``locator`` appears on the current page.</doc>
<status status="PASS" starttime="20210426 14:04:58.517" endtime="20210426 14:04:58.528"/>
</kw>
<kw name="Page Should Contain" library="SeleniumLibrary">
<arg>Owners</arg>
<doc>Verifies that current page contains ``text``.</doc>
<msg timestamp="20210426 14:04:58.535" level="INFO">Current page contains text 'Owners'.</msg>
<status status="PASS" starttime="20210426 14:04:58.528" endtime="20210426 14:04:58.535"/>
</kw>
<status status="PASS" starttime="20210426 14:04:58.517" endtime="20210426 14:04:58.535"/>
</kw>
<kw name="Click Element Owner_AddOwner" library="keywords_nonFunctionalTest">
<kw name="Click Element" library="SeleniumLibrary">
<arg>xpath://html/body/app-root/app-owner-list/div/div/div/div/button</arg>
<doc>Click the element identified by ``locator``.</doc>
<msg timestamp="20210426 14:04:58.536" level="INFO">Clicking element 'xpath://html/body/app-root/app-owner-list/div/div/div/div/button'.</msg>
<status status="PASS" starttime="20210426 14:04:58.536" endtime="20210426 14:04:58.568"/>
</kw>
<status status="PASS" starttime="20210426 14:04:58.536" endtime="20210426 14:04:58.568"/>
</kw>
<kw name="Verify Page_NewOwner" library="keywords_nonFunctionalTest">
<kw name="Wait Until Page Contains Element" library="SeleniumLibrary">
<arg>xpath://html/body/app-root/app-owner-add/div/div/h2</arg>
<doc>Waits until the element ``locator`` appears on the current page.</doc>
<status status="PASS" starttime="20210426 14:04:58.569" endtime="20210426 14:04:58.573"/>
</kw>
<kw name="Page Should Contain" library="SeleniumLibrary">
<arg>New Owner</arg>
<doc>Verifies that current page contains ``text``.</doc>
<msg timestamp="20210426 14:04:58.578" level="INFO">Current page contains text 'New Owner'.</msg>
<status status="PASS" starttime="20210426 14:04:58.573" endtime="20210426 14:04:58.578"/>
</kw>
<status status="PASS" starttime="20210426 14:04:58.568" endtime="20210426 14:04:58.578"/>
</kw>
<kw name="Click Element Owner_Back" library="keywords_nonFunctionalTest">
<kw name="Click Element" library="SeleniumLibrary">
<arg>xpath://html/body/app-root/app-owner-add/div/div/form/div[7]/div/button[1]</arg>
<doc>Click the element identified by ``locator``.</doc>
<msg timestamp="20210426 14:04:58.578" level="INFO">Clicking element 'xpath://html/body/app-root/app-owner-add/div/div/form/div[7]/div/button[1]'.</msg>
<status status="PASS" starttime="20210426 14:04:58.578" endtime="20210426 14:04:58.603"/>
</kw>
<status status="PASS" starttime="20210426 14:04:58.578" endtime="20210426 14:04:58.603"/>
</kw>
<kw name="Verify Page_OwnerList Loaded" library="keywords_nonFunctionalTest">
<kw name="Wait Until Page Contains Element" library="SeleniumLibrary">
<arg>xpath://html/body/app-root/app-owner-list/div/div/h2</arg>
<doc>Waits until the element ``locator`` appears on the current page.</doc>
<status status="PASS" starttime="20210426 14:04:58.603" endtime="20210426 14:04:58.610"/>
</kw>
<kw name="Page Should Contain" library="SeleniumLibrary">
<arg>Owners</arg>
<doc>Verifies that current page contains ``text``.</doc>
<msg timestamp="20210426 14:04:58.615" level="INFO">Current page contains text 'Owners'.</msg>
<status status="PASS" starttime="20210426 14:04:58.610" endtime="20210426 14:04:58.615"/>
</kw>
<status status="PASS" starttime="20210426 14:04:58.603" endtime="20210426 14:04:58.615"/>
</kw>
<kw name="Click Element Owner_AddOwner" library="keywords_nonFunctionalTest">
<kw name="Click Element" library="SeleniumLibrary">
<arg>xpath://html/body/app-root/app-owner-list/div/div/div/div/button</arg>
<doc>Click the element identified by ``locator``.</doc>
<msg timestamp="20210426 14:04:58.616" level="INFO">Clicking element 'xpath://html/body/app-root/app-owner-list/div/div/div/div/button'.</msg>
<status status="PASS" starttime="20210426 14:04:58.616" endtime="20210426 14:04:58.641"/>
</kw>
<status status="PASS" starttime="20210426 14:04:58.615" endtime="20210426 14:04:58.641"/>
</kw>
<kw name="Verify Page_NewOwner" library="keywords_nonFunctionalTest">
<kw name="Wait Until Page Contains Element" library="SeleniumLibrary">
<arg>xpath://html/body/app-root/app-owner-add/div/div/h2</arg>
<doc>Waits until the element ``locator`` appears on the current page.</doc>
<status status="PASS" starttime="20210426 14:04:58.642" endtime="20210426 14:04:58.646"/>
</kw>
<kw name="Page Should Contain" library="SeleniumLibrary">
<arg>New Owner</arg>
<doc>Verifies that current page contains ``text``.</doc>
<msg timestamp="20210426 14:04:58.650" level="INFO">Current page contains text 'New Owner'.</msg>
<status status="PASS" starttime="20210426 14:04:58.646" endtime="20210426 14:04:58.650"/>
</kw>
<status status="PASS" starttime="20210426 14:04:58.642" endtime="20210426 14:04:58.650"/>
</kw>
<kw name="Click Element Owner_Back" library="keywords_nonFunctionalTest">
<kw name="Click Element" library="SeleniumLibrary">
<arg>xpath://html/body/app-root/app-owner-add/div/div/form/div[7]/div/button[1]</arg>
<doc>Click the element identified by ``locator``.</doc>
<msg timestamp="20210426 14:04:58.651" level="INFO">Clicking element 'xpath://html/body/app-root/app-owner-add/div/div/form/div[7]/div/button[1]'.</msg>
<status status="PASS" starttime="20210426 14:04:58.650" endtime="20210426 14:04:58.675"/>
</kw>
<status status="PASS" starttime="20210426 14:04:58.650" endtime="20210426 14:04:58.675"/>
</kw>
<kw name="Verify Page_OwnerList Loaded" library="keywords_nonFunctionalTest">
<kw name="Wait Until Page Contains Element" library="SeleniumLibrary">
<arg>xpath://html/body/app-root/app-owner-list/div/div/h2</arg>
<doc>Waits until the element ``locator`` appears on the current page.</doc>
<status status="PASS" starttime="20210426 14:04:58.675" endtime="20210426 14:04:58.683"/>
</kw>
<kw name="Page Should Contain" library="SeleniumLibrary">
<arg>Owners</arg>
<doc>Verifies that current page contains ``text``.</doc>
<msg timestamp="20210426 14:04:58.688" level="INFO">Current page contains text 'Owners'.</msg>
<status status="PASS" starttime="20210426 14:04:58.683" endtime="20210426 14:04:58.688"/>
</kw>
<status status="PASS" starttime="20210426 14:04:58.675" endtime="20210426 14:04:58.688"/>
</kw>
<kw name="Click Element Owner_AddOwner" library="keywords_nonFunctionalTest">
<kw name="Click Element" library="SeleniumLibrary">
<arg>xpath://html/body/app-root/app-owner-list/div/div/div/div/button</arg>
<doc>Click the element identified by ``locator``.</doc>
<msg timestamp="20210426 14:04:58.689" level="INFO">Clicking element 'xpath://html/body/app-root/app-owner-list/div/div/div/div/button'.</msg>
<status status="PASS" starttime="20210426 14:04:58.689" endtime="20210426 14:04:58.716"/>
</kw>
<status status="PASS" starttime="20210426 14:04:58.689" endtime="20210426 14:04:58.716"/>
</kw>
<kw name="Verify Page_NewOwner" library="keywords_nonFunctionalTest">
<kw name="Wait Until Page Contains Element" library="SeleniumLibrary">
<arg>xpath://html/body/app-root/app-owner-add/div/div/h2</arg>
<doc>Waits until the element ``locator`` appears on the current page.</doc>
<status status="PASS" starttime="20210426 14:04:58.716" endtime="20210426 14:04:58.720"/>
</kw>
<kw name="Page Should Contain" library="SeleniumLibrary">
<arg>New Owner</arg>
<doc>Verifies that current page contains ``text``.</doc>
<msg timestamp="20210426 14:04:58.725" level="INFO">Current page contains text 'New Owner'.</msg>
<status status="PASS" starttime="20210426 14:04:58.721" endtime="20210426 14:04:58.725"/>
</kw>
<status status="PASS" starttime="20210426 14:04:58.716" endtime="20210426 14:04:58.725"/>
</kw>
<kw name="Click Element Owner_Back" library="keywords_nonFunctionalTest">
<kw name="Click Element" library="SeleniumLibrary">
<arg>xpath://html/body/app-root/app-owner-add/div/div/form/div[7]/div/button[1]</arg>
<doc>Click the element identified by ``locator``.</doc>
<msg timestamp="20210426 14:04:58.726" level="INFO">Clicking element 'xpath://html/body/app-root/app-owner-add/div/div/form/div[7]/div/button[1]'.</msg>
<status status="PASS" starttime="20210426 14:04:58.726" endtime="20210426 14:04:58.751"/>
</kw>
<status status="PASS" starttime="20210426 14:04:58.726" endtime="20210426 14:04:58.751"/>
</kw>
<kw name="Verify Page_OwnerList Loaded" library="keywords_nonFunctionalTest">
<kw name="Wait Until Page Contains Element" library="SeleniumLibrary">
<arg>xpath://html/body/app-root/app-owner-list/div/div/h2</arg>
<doc>Waits until the element ``locator`` appears on the current page.</doc>
<status status="PASS" starttime="20210426 14:04:58.752" endtime="20210426 14:04:58.759"/>
</kw>
<kw name="Page Should Contain" library="SeleniumLibrary">
<arg>Owners</arg>
<doc>Verifies that current page contains ``text``.</doc>
<msg timestamp="20210426 14:04:58.764" level="INFO">Current page contains text 'Owners'.</msg>
<status status="PASS" starttime="20210426 14:04:58.759" endtime="20210426 14:04:58.764"/>
</kw>
<status status="PASS" starttime="20210426 14:04:58.751" endtime="20210426 14:04:58.764"/>
</kw>
<kw name="Click Element Owner_AddOwner" library="keywords_nonFunctionalTest">
<kw name="Click Element" library="SeleniumLibrary">
<arg>xpath://html/body/app-root/app-owner-list/div/div/div/div/button</arg>
<doc>Click the element identified by ``locator``.</doc>
<msg timestamp="20210426 14:04:58.765" level="INFO">Clicking element 'xpath://html/body/app-root/app-owner-list/div/div/div/div/button'.</msg>
<status status="PASS" starttime="20210426 14:04:58.764" endtime="20210426 14:04:58.790"/>
</kw>
<status status="PASS" starttime="20210426 14:04:58.764" endtime="20210426 14:04:58.790"/>
</kw>
<kw name="Verify Page_NewOwner" library="keywords_nonFunctionalTest">
<kw name="Wait Until Page Contains Element" library="SeleniumLibrary">
<arg>xpath://html/body/app-root/app-owner-add/div/div/h2</arg>
<doc>Waits until the element ``locator`` appears on the current page.</doc>
<status status="PASS" starttime="20210426 14:04:58.791" endtime="20210426 14:04:58.795"/>
</kw>
<kw name="Page Should Contain" library="SeleniumLibrary">
<arg>New Owner</arg>
<doc>Verifies that current page contains ``text``.</doc>
<msg timestamp="20210426 14:04:58.800" level="INFO">Current page contains text 'New Owner'.</msg>
<status status="PASS" starttime="20210426 14:04:58.795" endtime="20210426 14:04:58.800"/>
</kw>
<status status="PASS" starttime="20210426 14:04:58.791" endtime="20210426 14:04:58.800"/>
</kw>
<kw name="Click Element Owner_Back" library="keywords_nonFunctionalTest">
<kw name="Click Element" library="SeleniumLibrary">
<arg>xpath://html/body/app-root/app-owner-add/div/div/form/div[7]/div/button[1]</arg>
<doc>Click the element identified by ``locator``.</doc>
<msg timestamp="20210426 14:04:58.800" level="INFO">Clicking element 'xpath://html/body/app-root/app-owner-add/div/div/form/div[7]/div/button[1]'.</msg>
<status status="PASS" starttime="20210426 14:04:58.800" endtime="20210426 14:04:58.825"/>
</kw>
<status status="PASS" starttime="20210426 14:04:58.800" endtime="20210426 14:04:58.825"/>
</kw>
<kw name="Verify Page_OwnerList Loaded" library="keywords_nonFunctionalTest">
<kw name="Wait Until Page Contains Element" library="SeleniumLibrary">
<arg>xpath://html/body/app-root/app-owner-list/div/div/h2</arg>
<doc>Waits until the element ``locator`` appears on the current page.</doc>
<status status="PASS" starttime="20210426 14:04:58.826" endtime="20210426 14:04:58.834"/>
</kw>
<kw name="Page Should Contain" library="SeleniumLibrary">
<arg>Owners</arg>
<doc>Verifies that current page contains ``text``.</doc>
<msg timestamp="20210426 14:04:58.839" level="INFO">Current page contains text 'Owners'.</msg>
<status status="PASS" starttime="20210426 14:04:58.834" endtime="20210426 14:04:58.839"/>
</kw>
<status status="PASS" starttime="20210426 14:04:58.825" endtime="20210426 14:04:58.840"/>
</kw>
<kw name="Click Element Owner_AddOwner" library="keywords_nonFunctionalTest">
<kw name="Click Element" library="SeleniumLibrary">
<arg>xpath://html/body/app-root/app-owner-list/div/div/div/div/button</arg>
<doc>Click the element identified by ``locator``.</doc>
<msg timestamp="20210426 14:04:58.840" level="INFO">Clicking element 'xpath://html/body/app-root/app-owner-list/div/div/div/div/button'.</msg>
<status status="PASS" starttime="20210426 14:04:58.840" endtime="20210426 14:04:58.867"/>
</kw>
<status status="PASS" starttime="20210426 14:04:58.840" endtime="20210426 14:04:58.867"/>
</kw>
<kw name="Verify Page_NewOwner" library="keywords_nonFunctionalTest">
<kw name="Wait Until Page Contains Element" library="SeleniumLibrary">
<arg>xpath://html/body/app-root/app-owner-add/div/div/h2</arg>
<doc>Waits until the element ``locator`` appears on the current page.</doc>
<status status="PASS" starttime="20210426 14:04:58.867" endtime="20210426 14:04:58.872"/>
</kw>
<kw name="Page Should Contain" library="SeleniumLibrary">
<arg>New Owner</arg>
<doc>Verifies that current page contains ``text``.</doc>
<msg timestamp="20210426 14:04:58.877" level="INFO">Current page contains text 'New Owner'.</msg>
<status status="PASS" starttime="20210426 14:04:58.872" endtime="20210426 14:04:58.877"/>
</kw>
<status status="PASS" starttime="20210426 14:04:58.867" endtime="20210426 14:04:58.877"/>
</kw>
<kw name="Click Element Owner_Back" library="keywords_nonFunctionalTest">
<kw name="Click Element" library="SeleniumLibrary">
<arg>xpath://html/body/app-root/app-owner-add/div/div/form/div[7]/div/button[1]</arg>
<doc>Click the element identified by ``locator``.</doc>
<msg timestamp="20210426 14:04:58.877" level="INFO">Clicking element 'xpath://html/body/app-root/app-owner-add/div/div/form/div[7]/div/button[1]'.</msg>
<status status="PASS" starttime="20210426 14:04:58.877" endtime="20210426 14:04:58.901"/>
</kw>
<status status="PASS" starttime="20210426 14:04:58.877" endtime="20210426 14:04:58.902"/>
</kw>
<kw name="Verify Page_OwnerList Loaded" library="keywords_nonFunctionalTest">
<kw name="Wait Until Page Contains Element" library="SeleniumLibrary">
<arg>xpath://html/body/app-root/app-owner-list/div/div/h2</arg>
<doc>Waits until the element ``locator`` appears on the current page.</doc>
<status status="PASS" starttime="20210426 14:04:58.902" endtime="20210426 14:04:58.910"/>
</kw>
<kw name="Page Should Contain" library="SeleniumLibrary">
<arg>Owners</arg>
<doc>Verifies that current page contains ``text``.</doc>
<msg timestamp="20210426 14:04:58.916" level="INFO">Current page contains text 'Owners'.</msg>
<status status="PASS" starttime="20210426 14:04:58.911" endtime="20210426 14:04:58.916"/>
</kw>
<status status="PASS" starttime="20210426 14:04:58.902" endtime="20210426 14:04:58.916"/>
</kw>
<kw name="End Web Test" library="keywords_nonFunctionalTest" type="TEARDOWN">
<kw name="Close Browser" library="SeleniumLibrary">
<doc>Closes the current browser.</doc>
<status status="PASS" starttime="20210426 14:04:58.917" endtime="20210426 14:05:01.005"/>
</kw>
<status status="PASS" starttime="20210426 14:04:58.917" endtime="20210426 14:05:01.005"/>
</kw>
<doc>Website can handle multiple button requests from user.</doc>
<tag>TC_n3</tag>
<status status="PASS" starttime="20210426 14:04:57.195" endtime="20210426 14:05:01.005"/>
</test>
<doc>Testsuite Owner-functionality</doc>
<status status="PASS" starttime="20210426 14:04:47.561" endtime="20210426 14:05:01.006"/>
</suite>
<statistics>
<total>
<stat pass="3" fail="0" skip="0">All Tests</stat>
</total>
<tag>
<stat pass="1" fail="0" skip="0">TC_n1</stat>
<stat pass="1" fail="0" skip="0">TC_n2</stat>
<stat pass="1" fail="0" skip="0">TC_n3</stat>
</tag>
<suite>
<stat pass="3" fail="0" skip="0" id="s1" name="petclinic nonFunctionalTest">petclinic nonFunctionalTest</stat>
</suite>
</statistics>
<errors>
</errors>
</robot>
